{"name": "При создании заказа, происходит увеличения значения счетчиков заказов \"Выполнено за все время\"/\"Выполнено за сегодня\"", "status": "broken", "statusDetails": {"message": "selenium.common.exceptions.ElementClickInterceptedException: Message: element click intercepted: Element <button type=\"button\" class=\"Modal_modal__close_modified__3V5XS Modal_modal__close__TnseK\">...</button> is not clickable at point (1266, 284). Other element would receive the click: <div class=\"Modal_modal_overlay__x2ZCr\"></div>\n  (Session info: chrome-headless-shell=126.0.6478.128)\nStacktrace:\n\tGetHandleVerifier [0x00007FF66CB2EEA2+31554]\n\t(No symbol) [0x00007FF66CAA7ED9]\n\t(No symbol) [0x00007FF66C96872A]\n\t(No symbol) [0x00007FF66C9C012E]\n\t(No symbol) [0x00007FF66C9BDAF2]\n\t(No symbol) [0x00007FF66C9BAF8B]\n\t(No symbol) [0x00007FF66C9BA156]\n\t(No symbol) [0x00007FF66C9AC151]\n\t(No symbol) [0x00007FF66C9DD02A]\n\t(No symbol) [0x00007FF66C9ABA76]\n\t(No symbol) [0x00007FF66C9DD240]\n\t(No symbol) [0x00007FF66C9FC977]\n\t(No symbol) [0x00007FF66C9DCDD3]\n\t(No symbol) [0x00007FF66C9AA33B]\n\t(No symbol) [0x00007FF66C9AAED1]\n\tGetHandleVerifier [0x00007FF66CE38B1D+3217341]\n\tGetHandleVerifier [0x00007FF66CE85AE3+3532675]\n\tGetHandleVerifier [0x00007FF66CE7B0E0+3489152]\n\tGetHandleVerifier [0x00007FF66CBDE776+750614]\n\t(No symbol) [0x00007FF66CAB375F]\n\t(No symbol) [0x00007FF66CAAEB14]\n\t(No symbol) [0x00007FF66CAAECA2]\n\t(No symbol) [0x00007FF66CA9E16F]\n\tBaseThreadInitThunk [0x00007FFA769C7374+20]\n\tRtlUserThreadStart [0x00007FFA76FFCC91+33]", "trace": "self = <tests.test_make_order.TestCreateOrder object at 0x0000023B91C205C0>, pages = <web_pages.UIWorkerWeb object at 0x0000023B910275C0>\nlogin = None, counter = ('xpath', \"//p[text()='Выполнено за сегодня:']/following-sibling::p\")\n\n    @allure.title('При создании заказа, происходит увеличения значения счетчиков заказов \"Выполнено за все время\"/\"Выполнено за сегодня\"')\n    @allure.description('Сверяем счетчик заказов \"Выполнено за все время\" / \"Выполнено за сегодня\" до создания заказа и после создания заказа '\n                        'Счетчик должен увеличиться')\n    @pytest.mark.parametrize('counter', [OrdersPageLocators.TOTAL_ORDER_COUNT, OrdersPageLocators.DAILY_ORDER_COUNT])\n    def test_today_orders_counter(self, pages, login, counter):\n        pages.click_orders_list_button()\n        prev_counter_value = pages.get_total_order_count_daily(counter)\n        pages.click_constructor_button()\n        pages.add_filling_to_order()\n        pages.click_order_button()\n>       pages.click_close_modal_order()\n\ntests\\test_make_order.py:43: \n_ _ _ _ _ _ _ _ _ _ _ _ _ _ _ _ _ _ _ _ _ _ _ _ _ _ _ _ _ _ _ _ _ _ _ _ _ _ _ _ _ _ _ _ _ _ _ _ _ _ _ _ _ _ _ _ _ _ _ _ _ _ _ _ _ _ _ _ _ _ _ _ _ _\nweb_pages\\main_page.py:69: in click_close_modal_order\n    self.click_on_element(MainPageLocators.CLOSE_MODAL_ORDER)\nweb_pages\\base_page.py:16: in click_on_element\n    self.driver.find_element(*locator).click()\nvenv\\Lib\\site-packages\\selenium\\webdriver\\remote\\webelement.py:94: in click\n    self._execute(Command.CLICK_ELEMENT)\nvenv\\Lib\\site-packages\\selenium\\webdriver\\remote\\webelement.py:395: in _execute\n    return self._parent.execute(command, params)\nvenv\\Lib\\site-packages\\selenium\\webdriver\\remote\\webdriver.py:347: in execute\n    self.error_handler.check_response(response)\n_ _ _ _ _ _ _ _ _ _ _ _ _ _ _ _ _ _ _ _ _ _ _ _ _ _ _ _ _ _ _ _ _ _ _ _ _ _ _ _ _ _ _ _ _ _ _ _ _ _ _ _ _ _ _ _ _ _ _ _ _ _ _ _ _ _ _ _ _ _ _ _ _ _\n\nself = <selenium.webdriver.remote.errorhandler.ErrorHandler object at 0x0000023B91C5D250>\nresponse = {'status': 400, 'value': '{\"value\":{\"error\":\"element click intercepted\",\"message\":\"element click intercepted: Element ...07FF66CA9E16F]\\\\n\\\\tBaseThreadInitThunk [0x00007FFA769C7374+20]\\\\n\\\\tRtlUserThreadStart [0x00007FFA76FFCC91+33]\\\\n\"}}'}\n\n    def check_response(self, response: Dict[str, Any]) -> None:\n        \"\"\"Checks that a JSON response from the WebDriver does not have an\n        error.\n    \n        :Args:\n         - response - The JSON response from the WebDriver server as a dictionary\n           object.\n    \n        :Raises: If the response contains an error message.\n        \"\"\"\n        status = response.get(\"status\", None)\n        if not status or status == ErrorCode.SUCCESS:\n            return\n        value = None\n        message = response.get(\"message\", \"\")\n        screen: str = response.get(\"screen\", \"\")\n        stacktrace = None\n        if isinstance(status, int):\n            value_json = response.get(\"value\", None)\n            if value_json and isinstance(value_json, str):\n                import json\n    \n                try:\n                    value = json.loads(value_json)\n                    if len(value) == 1:\n                        value = value[\"value\"]\n                    status = value.get(\"error\", None)\n                    if not status:\n                        status = value.get(\"status\", ErrorCode.UNKNOWN_ERROR)\n                        message = value.get(\"value\") or value.get(\"message\")\n                        if not isinstance(message, str):\n                            value = message\n                            message = message.get(\"message\")\n                    else:\n                        message = value.get(\"message\", None)\n                except ValueError:\n                    pass\n    \n        exception_class: Type[WebDriverException]\n        e = ErrorCode()\n        error_codes = [item for item in dir(e) if not item.startswith(\"__\")]\n        for error_code in error_codes:\n            error_info = getattr(ErrorCode, error_code)\n            if isinstance(error_info, list) and status in error_info:\n                exception_class = getattr(ExceptionMapping, error_code, WebDriverException)\n                break\n        else:\n            exception_class = WebDriverException\n    \n        if not value:\n            value = response[\"value\"]\n        if isinstance(value, str):\n            raise exception_class(value)\n        if message == \"\" and \"message\" in value:\n            message = value[\"message\"]\n    \n        screen = None  # type: ignore[assignment]\n        if \"screen\" in value:\n            screen = value[\"screen\"]\n    \n        stacktrace = None\n        st_value = value.get(\"stackTrace\") or value.get(\"stacktrace\")\n        if st_value:\n            if isinstance(st_value, str):\n                stacktrace = st_value.split(\"\\n\")\n            else:\n                stacktrace = []\n                try:\n                    for frame in st_value:\n                        line = frame.get(\"lineNumber\", \"\")\n                        file = frame.get(\"fileName\", \"<anonymous>\")\n                        if line:\n                            file = f\"{file}:{line}\"\n                        meth = frame.get(\"methodName\", \"<anonymous>\")\n                        if \"className\" in frame:\n                            meth = f\"{frame['className']}.{meth}\"\n                        msg = \"    at %s (%s)\"\n                        msg = msg % (meth, file)\n                        stacktrace.append(msg)\n                except TypeError:\n                    pass\n        if exception_class == UnexpectedAlertPresentException:\n            alert_text = None\n            if \"data\" in value:\n                alert_text = value[\"data\"].get(\"text\")\n            elif \"alert\" in value:\n                alert_text = value[\"alert\"].get(\"text\")\n            raise exception_class(message, screen, stacktrace, alert_text)  # type: ignore[call-arg]  # mypy is not smart enough here\n>       raise exception_class(message, screen, stacktrace)\nE       selenium.common.exceptions.ElementClickInterceptedException: Message: element click intercepted: Element <button type=\"button\" class=\"Modal_modal__close_modified__3V5XS Modal_modal__close__TnseK\">...</button> is not clickable at point (1266, 284). Other element would receive the click: <div class=\"Modal_modal_overlay__x2ZCr\"></div>\nE         (Session info: chrome-headless-shell=126.0.6478.128)\nE       Stacktrace:\nE       \tGetHandleVerifier [0x00007FF66CB2EEA2+31554]\nE       \t(No symbol) [0x00007FF66CAA7ED9]\nE       \t(No symbol) [0x00007FF66C96872A]\nE       \t(No symbol) [0x00007FF66C9C012E]\nE       \t(No symbol) [0x00007FF66C9BDAF2]\nE       \t(No symbol) [0x00007FF66C9BAF8B]\nE       \t(No symbol) [0x00007FF66C9BA156]\nE       \t(No symbol) [0x00007FF66C9AC151]\nE       \t(No symbol) [0x00007FF66C9DD02A]\nE       \t(No symbol) [0x00007FF66C9ABA76]\nE       \t(No symbol) [0x00007FF66C9DD240]\nE       \t(No symbol) [0x00007FF66C9FC977]\nE       \t(No symbol) [0x00007FF66C9DCDD3]\nE       \t(No symbol) [0x00007FF66C9AA33B]\nE       \t(No symbol) [0x00007FF66C9AAED1]\nE       \tGetHandleVerifier [0x00007FF66CE38B1D+3217341]\nE       \tGetHandleVerifier [0x00007FF66CE85AE3+3532675]\nE       \tGetHandleVerifier [0x00007FF66CE7B0E0+3489152]\nE       \tGetHandleVerifier [0x00007FF66CBDE776+750614]\nE       \t(No symbol) [0x00007FF66CAB375F]\nE       \t(No symbol) [0x00007FF66CAAEB14]\nE       \t(No symbol) [0x00007FF66CAAECA2]\nE       \t(No symbol) [0x00007FF66CA9E16F]\nE       \tBaseThreadInitThunk [0x00007FFA769C7374+20]\nE       \tRtlUserThreadStart [0x00007FFA76FFCC91+33]\n\nvenv\\Lib\\site-packages\\selenium\\webdriver\\remote\\errorhandler.py:229: ElementClickInterceptedException"}, "description": "Сверяем счетчик заказов \"Выполнено за все время\" / \"Выполнено за сегодня\" до создания заказа и после создания заказа Счетчик должен увеличиться", "steps": [{"name": "Переход на страницу Лента заказов", "status": "passed", "steps": [{"name": "Переместиться до элемента и кликнуть", "status": "passed", "parameters": [{"name": "locator", "value": "('xpath', '//p[text()=\"Лента Заказов\"]/parent::a')"}], "start": 1721241545183, "stop": 1721241545511}, {"name": "Дождаться видимости элемента", "status": "passed", "parameters": [{"name": "locator", "value": "('xpath', '//h1[text()=\"Лента заказов\"]')"}], "start": 1721241545511, "stop": 1721241546077}], "start": 1721241545183, "stop": 1721241546077}, {"name": "Получение количества заказов", "status": "passed", "steps": [{"name": "Получить текущий текст", "status": "passed", "parameters": [{"name": "locator", "value": "('xpath', \"//p[text()='Выполнено за сегодня:']/following-sibling::p\")"}], "start": 1721241546077, "stop": 1721241546114}], "parameters": [{"name": "locator", "value": "('xpath', \"//p[text()='Выполнено за сегодня:']/following-sibling::p\")"}], "start": 1721241546077, "stop": 1721241546114}, {"name": "Переход в \"Конструктор\"", "status": "passed", "steps": [{"name": "Кликаем по элементу ('xpath', '//p[text()=\"Конструктор\"]/parent::a')", "status": "passed", "parameters": [{"name": "locator", "value": "('xpath', '//p[text()=\"Конструктор\"]/parent::a')"}], "start": 1721241546115, "stop": 1721241546257}, {"name": "Дождаться видимости элемента", "status": "passed", "parameters": [{"name": "locator", "value": "('xpath', \"//h1[text()='Соберите бургер']\")"}], "start": 1721241546258, "stop": 1721241546306}], "start": 1721241546115, "stop": 1721241546306}, {"name": "Добавить ингридиент в заказ", "status": "passed", "steps": [{"name": "Дождаться кликабельности элемента", "status": "passed", "parameters": [{"name": "locator", "value": "('xpath', '//p[text()=\"Флюоресцентная булка R2-D3\"]')"}], "start": 1721241546307, "stop": 1721241546391}, {"name": "Перетащить элемент", "status": "passed", "parameters": [{"name": "locator_one", "value": "('xpath', '//p[text()=\"Флюоресцентная булка R2-D3\"]')"}, {"name": "locator_two", "value": "('xpath', \"//span[@class='constructor-element__text' and text()='Перетяните булочку сюда (низ)']\")"}], "start": 1721241546391, "stop": 1721241547091}], "start": 1721241546306, "stop": 1721241547091}, {"name": "Нажать на кнопку Оформить заказ", "status": "passed", "steps": [{"name": "Переместиться до элемента и кликнуть", "status": "passed", "parameters": [{"name": "locator", "value": "('xpath', '//button[text()=\"Оформить заказ\"]')"}], "start": 1721241547092, "stop": 1721241547461}], "start": 1721241547091, "stop": 1721241547461}, {"name": "Закрыть модальное окно после создания заказа", "status": "broken", "statusDetails": {"message": "selenium.common.exceptions.ElementClickInterceptedException: Message: element click intercepted: Element <button type=\"button\" class=\"Modal_modal__close_modified__3V5XS Modal_modal__close__TnseK\">...</button> is not clickable at point (1266, 284). Other element would receive the click: <div class=\"Modal_modal_overlay__x2ZCr\"></div>\n  (Session info: chrome-headless-shell=126.0.6478.128)\nStacktrace:\n\tGetHandleVerifier [0x00007FF66CB2EEA2+31554]\n\t(No symbol) [0x00007FF66CAA7ED9]\n\t(No symbol) [0x00007FF66C96872A]\n\t(No symbol) [0x00007FF66C9C012E]\n\t(No symbol) [0x00007FF66C9BDAF2]\n\t(No symbol) [0x00007FF66C9BAF8B]\n\t(No symbol) [0x00007FF66C9BA156]\n\t(No symbol) [0x00007FF66C9AC151]\n\t(No symbol) [0x00007FF66C9DD02A]\n\t(No symbol) [0x00007FF66C9ABA76]\n\t(No symbol) [0x00007FF66C9DD240]\n\t(No symbol) [0x00007FF66C9FC977]\n\t(No symbol) [0x00007FF66C9DCDD3]\n\t(No symbol) [0x00007FF66C9AA33B]\n\t(No symbol) [0x00007FF66C9AAED1]\n\tGetHandleVerifier [0x00007FF66CE38B1D+3217341]\n\tGetHandleVerifier [0x00007FF66CE85AE3+3532675]\n\tGetHandleVerifier [0x00007FF66CE7B0E0+3489152]\n\tGetHandleVerifier [0x00007FF66CBDE776+750614]\n\t(No symbol) [0x00007FF66CAB375F]\n\t(No symbol) [0x00007FF66CAAEB14]\n\t(No symbol) [0x00007FF66CAAECA2]\n\t(No symbol) [0x00007FF66CA9E16F]\n\tBaseThreadInitThunk [0x00007FFA769C7374+20]\n\tRtlUserThreadStart [0x00007FFA76FFCC91+33]\n\n", "trace": "  File \"C:\\Users\\User\\PycharmProjects\\Diplom_3\\venv\\Lib\\site-packages\\allure_commons\\_allure.py\", line 192, in impl\n    return func(*a, **kw)\n           ^^^^^^^^^^^^^^\n  File \"C:\\Users\\User\\PycharmProjects\\Diplom_3\\web_pages\\main_page.py\", line 69, in click_close_modal_order\n    self.click_on_element(MainPageLocators.CLOSE_MODAL_ORDER)\n  File \"C:\\Users\\User\\PycharmProjects\\Diplom_3\\venv\\Lib\\site-packages\\allure_commons\\_allure.py\", line 192, in impl\n    return func(*a, **kw)\n           ^^^^^^^^^^^^^^\n  File \"C:\\Users\\User\\PycharmProjects\\Diplom_3\\web_pages\\base_page.py\", line 16, in click_on_element\n    self.driver.find_element(*locator).click()\n  File \"C:\\Users\\User\\PycharmProjects\\Diplom_3\\venv\\Lib\\site-packages\\selenium\\webdriver\\remote\\webelement.py\", line 94, in click\n    self._execute(Command.CLICK_ELEMENT)\n  File \"C:\\Users\\User\\PycharmProjects\\Diplom_3\\venv\\Lib\\site-packages\\selenium\\webdriver\\remote\\webelement.py\", line 395, in _execute\n    return self._parent.execute(command, params)\n           ^^^^^^^^^^^^^^^^^^^^^^^^^^^^^^^^^^^^^\n  File \"C:\\Users\\User\\PycharmProjects\\Diplom_3\\venv\\Lib\\site-packages\\selenium\\webdriver\\remote\\webdriver.py\", line 347, in execute\n    self.error_handler.check_response(response)\n  File \"C:\\Users\\User\\PycharmProjects\\Diplom_3\\venv\\Lib\\site-packages\\selenium\\webdriver\\remote\\errorhandler.py\", line 229, in check_response\n    raise exception_class(message, screen, stacktrace)\n"}, "steps": [{"name": "Дождаться видимости элемента", "status": "passed", "parameters": [{"name": "locator", "value": "('xpath', \"//button[contains(@class, 'Modal_modal__close')][1]\")"}], "start": 1721241547462, "stop": 1721241547540}, {"name": "Кликаем по элементу ('xpath', \"//button[contains(@class, 'Modal_modal__close')][1]\")", "status": "broken", "statusDetails": {"message": "selenium.common.exceptions.ElementClickInterceptedException: Message: element click intercepted: Element <button type=\"button\" class=\"Modal_modal__close_modified__3V5XS Modal_modal__close__TnseK\">...</button> is not clickable at point (1266, 284). Other element would receive the click: <div class=\"Modal_modal_overlay__x2ZCr\"></div>\n  (Session info: chrome-headless-shell=126.0.6478.128)\nStacktrace:\n\tGetHandleVerifier [0x00007FF66CB2EEA2+31554]\n\t(No symbol) [0x00007FF66CAA7ED9]\n\t(No symbol) [0x00007FF66C96872A]\n\t(No symbol) [0x00007FF66C9C012E]\n\t(No symbol) [0x00007FF66C9BDAF2]\n\t(No symbol) [0x00007FF66C9BAF8B]\n\t(No symbol) [0x00007FF66C9BA156]\n\t(No symbol) [0x00007FF66C9AC151]\n\t(No symbol) [0x00007FF66C9DD02A]\n\t(No symbol) [0x00007FF66C9ABA76]\n\t(No symbol) [0x00007FF66C9DD240]\n\t(No symbol) [0x00007FF66C9FC977]\n\t(No symbol) [0x00007FF66C9DCDD3]\n\t(No symbol) [0x00007FF66C9AA33B]\n\t(No symbol) [0x00007FF66C9AAED1]\n\tGetHandleVerifier [0x00007FF66CE38B1D+3217341]\n\tGetHandleVerifier [0x00007FF66CE85AE3+3532675]\n\tGetHandleVerifier [0x00007FF66CE7B0E0+3489152]\n\tGetHandleVerifier [0x00007FF66CBDE776+750614]\n\t(No symbol) [0x00007FF66CAB375F]\n\t(No symbol) [0x00007FF66CAAEB14]\n\t(No symbol) [0x00007FF66CAAECA2]\n\t(No symbol) [0x00007FF66CA9E16F]\n\tBaseThreadInitThunk [0x00007FFA769C7374+20]\n\tRtlUserThreadStart [0x00007FFA76FFCC91+33]\n\n", "trace": "  File \"C:\\Users\\User\\PycharmProjects\\Diplom_3\\venv\\Lib\\site-packages\\allure_commons\\_allure.py\", line 192, in impl\n    return func(*a, **kw)\n           ^^^^^^^^^^^^^^\n  File \"C:\\Users\\User\\PycharmProjects\\Diplom_3\\web_pages\\base_page.py\", line 16, in click_on_element\n    self.driver.find_element(*locator).click()\n  File \"C:\\Users\\User\\PycharmProjects\\Diplom_3\\venv\\Lib\\site-packages\\selenium\\webdriver\\remote\\webelement.py\", line 94, in click\n    self._execute(Command.CLICK_ELEMENT)\n  File \"C:\\Users\\User\\PycharmProjects\\Diplom_3\\venv\\Lib\\site-packages\\selenium\\webdriver\\remote\\webelement.py\", line 395, in _execute\n    return self._parent.execute(command, params)\n           ^^^^^^^^^^^^^^^^^^^^^^^^^^^^^^^^^^^^^\n  File \"C:\\Users\\User\\PycharmProjects\\Diplom_3\\venv\\Lib\\site-packages\\selenium\\webdriver\\remote\\webdriver.py\", line 347, in execute\n    self.error_handler.check_response(response)\n  File \"C:\\Users\\User\\PycharmProjects\\Diplom_3\\venv\\Lib\\site-packages\\selenium\\webdriver\\remote\\errorhandler.py\", line 229, in check_response\n    raise exception_class(message, screen, stacktrace)\n"}, "parameters": [{"name": "locator", "value": "('xpath', \"//button[contains(@class, 'Modal_modal__close')][1]\")"}], "start": 1721241547540, "stop": 1721241548705}], "start": 1721241547461, "stop": 1721241548711}], "parameters": [{"name": "driver_do", "value": "'chrome'"}, {"name": "counter", "value": "('xpath', \"//p[text()='Выполнено за сегодня:']/following-sibling::p\")"}], "start": 1721241545183, "stop": 1721241548713, "uuid": "be42bbce-2c46-4ec7-94f0-84a349298c5e", "historyId": "661b34f02d54b8461a8e3d7e89efd0be", "testCaseId": "b2b3d1bfa1249c585c57bf1635a29273", "fullName": "tests.test_make_order.TestCreateOrder#test_today_orders_counter", "labels": [{"name": "parentSuite", "value": "tests"}, {"name": "suite", "value": "test_make_order"}, {"name": "subSuite", "value": "TestCreateOrder"}, {"name": "host", "value": "DESKTOP-UBJ37DP"}, {"name": "thread", "value": "3368-MainThread"}, {"name": "framework", "value": "pytest"}, {"name": "language", "value": "cpython3"}, {"name": "package", "value": "tests.test_make_order"}]}