{"name": "При создании заказа, происходит увеличения значения счетчиков заказов \"Выполнено за все время\"/\"Выполнено за сегодня\"", "status": "broken", "statusDetails": {"message": "selenium.common.exceptions.TimeoutException: Message: \nStacktrace:\n\tGetHandleVerifier [0x00007FF715F6EEA2+31554]\n\t(No symbol) [0x00007FF715EE7ED9]\n\t(No symbol) [0x00007FF715DA872A]\n\t(No symbol) [0x00007FF715DF8434]\n\t(No symbol) [0x00007FF715DF853C]\n\t(No symbol) [0x00007FF715E3F6A7]\n\t(No symbol) [0x00007FF715E1D06F]\n\t(No symbol) [0x00007FF715E3C977]\n\t(No symbol) [0x00007FF715E1CDD3]\n\t(No symbol) [0x00007FF715DEA33B]\n\t(No symbol) [0x00007FF715DEAED1]\n\tGetHandleVerifier [0x00007FF716278B1D+3217341]\n\tGetHandleVerifier [0x00007FF7162C5AE3+3532675]\n\tGetHandleVerifier [0x00007FF7162BB0E0+3489152]\n\tGetHandleVerifier [0x00007FF71601E776+750614]\n\t(No symbol) [0x00007FF715EF375F]\n\t(No symbol) [0x00007FF715EEEB14]\n\t(No symbol) [0x00007FF715EEECA2]\n\t(No symbol) [0x00007FF715EDE16F]\n\tBaseThreadInitThunk [0x00007FFA769C7374+20]\n\tRtlUserThreadStart [0x00007FFA76FFCC91+33]", "trace": "self = <tests.test_make_order.TestCreateOrder object at 0x0000027F68E545C0>, main_page = <web_pages.main_page.MainPage object at 0x0000027F68EDAC30>\ntest_create_order_page = <web_pages.test_create_order_page.CreateOrderPage object at 0x0000027F68EDB380>, login = None\ncounter = ('xpath', \"//p[text()='Выполнено за все время:']/following-sibling::p\")\n\n    @allure.title('При создании заказа, происходит увеличения значения счетчиков заказов \"Выполнено за все время\"/\"Выполнено за сегодня\"')\n    @allure.description('Сверяем счетчик заказов \"Выполнено за все время\" / \"Выполнено за сегодня\" до создания заказа и после создания заказа '\n                        'Счетчик должен увеличиться')\n    @pytest.mark.parametrize('counter', [OrdersPageLocators.TOTAL_ORDER_COUNT, OrdersPageLocators.DAILY_ORDER_COUNT])\n    def test_today_orders_counter(self, main_page, test_create_order_page, login, counter):\n>       main_page.click_orders_list_button()\n\ntests\\test_make_order.py:38: \n_ _ _ _ _ _ _ _ _ _ _ _ _ _ _ _ _ _ _ _ _ _ _ _ _ _ _ _ _ _ _ _ _ _ _ _ _ _ _ _ _ _ _ _ _ _ _ _ _ _ _ _ _ _ _ _ _ _ _ _ _ _ _ _ _ _ _ _ _ _ _ _ _ _ _ _\nweb_pages\\main_page.py:15: in click_orders_list_button\n    self.wait_until_element_visibility(OrdersPageLocators.ORDERS_LIST_TITLE)\nweb_pages\\base_page.py:42: in wait_until_element_visibility\n    return WebDriverWait(self.driver, 10).until(EC.visibility_of_element_located(locator))\n_ _ _ _ _ _ _ _ _ _ _ _ _ _ _ _ _ _ _ _ _ _ _ _ _ _ _ _ _ _ _ _ _ _ _ _ _ _ _ _ _ _ _ _ _ _ _ _ _ _ _ _ _ _ _ _ _ _ _ _ _ _ _ _ _ _ _ _ _ _ _ _ _ _ _ _\n\nself = <selenium.webdriver.support.wait.WebDriverWait (session=\"1eaeb7455c995bbc7499bdd1c934a2b8\")>\nmethod = <function visibility_of_element_located.<locals>._predicate at 0x0000027F68EAF920>, message = ''\n\n    def until(self, method: Callable[[D], Union[Literal[False], T]], message: str = \"\") -> T:\n        \"\"\"Calls the method provided with the driver as an argument until the \\\n        return value does not evaluate to ``False``.\n    \n        :param method: callable(WebDriver)\n        :param message: optional message for :exc:`TimeoutException`\n        :returns: the result of the last call to `method`\n        :raises: :exc:`selenium.common.exceptions.TimeoutException` if timeout occurs\n        \"\"\"\n        screen = None\n        stacktrace = None\n    \n        end_time = time.monotonic() + self._timeout\n        while True:\n            try:\n                value = method(self._driver)\n                if value:\n                    return value\n            except self._ignored_exceptions as exc:\n                screen = getattr(exc, \"screen\", None)\n                stacktrace = getattr(exc, \"stacktrace\", None)\n            time.sleep(self._poll)\n            if time.monotonic() > end_time:\n                break\n>       raise TimeoutException(message, screen, stacktrace)\nE       selenium.common.exceptions.TimeoutException: Message: \nE       Stacktrace:\nE       \tGetHandleVerifier [0x00007FF715F6EEA2+31554]\nE       \t(No symbol) [0x00007FF715EE7ED9]\nE       \t(No symbol) [0x00007FF715DA872A]\nE       \t(No symbol) [0x00007FF715DF8434]\nE       \t(No symbol) [0x00007FF715DF853C]\nE       \t(No symbol) [0x00007FF715E3F6A7]\nE       \t(No symbol) [0x00007FF715E1D06F]\nE       \t(No symbol) [0x00007FF715E3C977]\nE       \t(No symbol) [0x00007FF715E1CDD3]\nE       \t(No symbol) [0x00007FF715DEA33B]\nE       \t(No symbol) [0x00007FF715DEAED1]\nE       \tGetHandleVerifier [0x00007FF716278B1D+3217341]\nE       \tGetHandleVerifier [0x00007FF7162C5AE3+3532675]\nE       \tGetHandleVerifier [0x00007FF7162BB0E0+3489152]\nE       \tGetHandleVerifier [0x00007FF71601E776+750614]\nE       \t(No symbol) [0x00007FF715EF375F]\nE       \t(No symbol) [0x00007FF715EEEB14]\nE       \t(No symbol) [0x00007FF715EEECA2]\nE       \t(No symbol) [0x00007FF715EDE16F]\nE       \tBaseThreadInitThunk [0x00007FFA769C7374+20]\nE       \tRtlUserThreadStart [0x00007FFA76FFCC91+33]\n\nvenv\\Lib\\site-packages\\selenium\\webdriver\\support\\wait.py:105: TimeoutException"}, "description": "Сверяем счетчик заказов \"Выполнено за все время\" / \"Выполнено за сегодня\" до создания заказа и после создания заказа Счетчик должен увеличиться", "steps": [{"name": "Переход на страницу Лента заказов", "status": "broken", "statusDetails": {"message": "selenium.common.exceptions.TimeoutException: Message: \nStacktrace:\n\tGetHandleVerifier [0x00007FF715F6EEA2+31554]\n\t(No symbol) [0x00007FF715EE7ED9]\n\t(No symbol) [0x00007FF715DA872A]\n\t(No symbol) [0x00007FF715DF8434]\n\t(No symbol) [0x00007FF715DF853C]\n\t(No symbol) [0x00007FF715E3F6A7]\n\t(No symbol) [0x00007FF715E1D06F]\n\t(No symbol) [0x00007FF715E3C977]\n\t(No symbol) [0x00007FF715E1CDD3]\n\t(No symbol) [0x00007FF715DEA33B]\n\t(No symbol) [0x00007FF715DEAED1]\n\tGetHandleVerifier [0x00007FF716278B1D+3217341]\n\tGetHandleVerifier [0x00007FF7162C5AE3+3532675]\n\tGetHandleVerifier [0x00007FF7162BB0E0+3489152]\n\tGetHandleVerifier [0x00007FF71601E776+750614]\n\t(No symbol) [0x00007FF715EF375F]\n\t(No symbol) [0x00007FF715EEEB14]\n\t(No symbol) [0x00007FF715EEECA2]\n\t(No symbol) [0x00007FF715EDE16F]\n\tBaseThreadInitThunk [0x00007FFA769C7374+20]\n\tRtlUserThreadStart [0x00007FFA76FFCC91+33]\n\n", "trace": "  File \"C:\\Users\\User\\Diplom\\Diplom_3\\venv\\Lib\\site-packages\\allure_commons\\_allure.py\", line 192, in impl\n    return func(*a, **kw)\n           ^^^^^^^^^^^^^^\n  File \"C:\\Users\\User\\Diplom\\Diplom_3\\web_pages\\main_page.py\", line 15, in click_orders_list_button\n    self.wait_until_element_visibility(OrdersPageLocators.ORDERS_LIST_TITLE)\n  File \"C:\\Users\\User\\Diplom\\Diplom_3\\venv\\Lib\\site-packages\\allure_commons\\_allure.py\", line 192, in impl\n    return func(*a, **kw)\n           ^^^^^^^^^^^^^^\n  File \"C:\\Users\\User\\Diplom\\Diplom_3\\web_pages\\base_page.py\", line 42, in wait_until_element_visibility\n    return WebDriverWait(self.driver, 10).until(EC.visibility_of_element_located(locator))\n           ^^^^^^^^^^^^^^^^^^^^^^^^^^^^^^^^^^^^^^^^^^^^^^^^^^^^^^^^^^^^^^^^^^^^^^^^^^^^^^^\n  File \"C:\\Users\\User\\Diplom\\Diplom_3\\venv\\Lib\\site-packages\\selenium\\webdriver\\support\\wait.py\", line 105, in until\n    raise TimeoutException(message, screen, stacktrace)\n"}, "steps": [{"name": "Переместиться до элемента и кликнуть", "status": "passed", "parameters": [{"name": "locator", "value": "('xpath', '//p[text()=\"Лента Заказов\"]/parent::a')"}], "start": 1721485008170, "stop": 1721485008485}, {"name": "Дождаться видимости элемента", "status": "broken", "statusDetails": {"message": "selenium.common.exceptions.TimeoutException: Message: \nStacktrace:\n\tGetHandleVerifier [0x00007FF715F6EEA2+31554]\n\t(No symbol) [0x00007FF715EE7ED9]\n\t(No symbol) [0x00007FF715DA872A]\n\t(No symbol) [0x00007FF715DF8434]\n\t(No symbol) [0x00007FF715DF853C]\n\t(No symbol) [0x00007FF715E3F6A7]\n\t(No symbol) [0x00007FF715E1D06F]\n\t(No symbol) [0x00007FF715E3C977]\n\t(No symbol) [0x00007FF715E1CDD3]\n\t(No symbol) [0x00007FF715DEA33B]\n\t(No symbol) [0x00007FF715DEAED1]\n\tGetHandleVerifier [0x00007FF716278B1D+3217341]\n\tGetHandleVerifier [0x00007FF7162C5AE3+3532675]\n\tGetHandleVerifier [0x00007FF7162BB0E0+3489152]\n\tGetHandleVerifier [0x00007FF71601E776+750614]\n\t(No symbol) [0x00007FF715EF375F]\n\t(No symbol) [0x00007FF715EEEB14]\n\t(No symbol) [0x00007FF715EEECA2]\n\t(No symbol) [0x00007FF715EDE16F]\n\tBaseThreadInitThunk [0x00007FFA769C7374+20]\n\tRtlUserThreadStart [0x00007FFA76FFCC91+33]\n\n", "trace": "  File \"C:\\Users\\User\\Diplom\\Diplom_3\\venv\\Lib\\site-packages\\allure_commons\\_allure.py\", line 192, in impl\n    return func(*a, **kw)\n           ^^^^^^^^^^^^^^\n  File \"C:\\Users\\User\\Diplom\\Diplom_3\\web_pages\\base_page.py\", line 42, in wait_until_element_visibility\n    return WebDriverWait(self.driver, 10).until(EC.visibility_of_element_located(locator))\n           ^^^^^^^^^^^^^^^^^^^^^^^^^^^^^^^^^^^^^^^^^^^^^^^^^^^^^^^^^^^^^^^^^^^^^^^^^^^^^^^\n  File \"C:\\Users\\User\\Diplom\\Diplom_3\\venv\\Lib\\site-packages\\selenium\\webdriver\\support\\wait.py\", line 105, in until\n    raise TimeoutException(message, screen, stacktrace)\n"}, "parameters": [{"name": "locator", "value": "('xpath', '//h1[text()=\"Лента заказов\"]')"}], "start": 1721485008485, "stop": 1721485018690}], "start": 1721485008170, "stop": 1721485018695}], "parameters": [{"name": "driver_do", "value": "'chrome'"}, {"name": "counter", "value": "('xpath', \"//p[text()='Выполнено за все время:']/following-sibling::p\")"}], "start": 1721485008169, "stop": 1721485018699, "uuid": "785f45b2-8f0a-4c62-a693-efada99d016c", "historyId": "af4ce06e167af07b5c1536fa4daf9d85", "testCaseId": "b2b3d1bfa1249c585c57bf1635a29273", "fullName": "tests.test_make_order.TestCreateOrder#test_today_orders_counter", "labels": [{"name": "parentSuite", "value": "tests"}, {"name": "suite", "value": "test_make_order"}, {"name": "subSuite", "value": "TestCreateOrder"}, {"name": "host", "value": "DESKTOP-UBJ37DP"}, {"name": "thread", "value": "1692-MainThread"}, {"name": "framework", "value": "pytest"}, {"name": "language", "value": "cpython3"}, {"name": "package", "value": "tests.test_make_order"}]}