{"name": "При создании заказа, происходит увеличения значения счетчиков заказов \"Выполнено за все время\"/\"Выполнено за сегодня\"", "status": "broken", "statusDetails": {"message": "selenium.common.exceptions.TimeoutException: Message: \nStacktrace:\n\tGetHandleVerifier [0x00007FF66CB2EEA2+31554]\n\t(No symbol) [0x00007FF66CAA7ED9]\n\t(No symbol) [0x00007FF66C96872A]\n\t(No symbol) [0x00007FF66C9B8434]\n\t(No symbol) [0x00007FF66C9B853C]\n\t(No symbol) [0x00007FF66C9FF6A7]\n\t(No symbol) [0x00007FF66C9DD06F]\n\t(No symbol) [0x00007FF66C9FC977]\n\t(No symbol) [0x00007FF66C9DCDD3]\n\t(No symbol) [0x00007FF66C9AA33B]\n\t(No symbol) [0x00007FF66C9AAED1]\n\tGetHandleVerifier [0x00007FF66CE38B1D+3217341]\n\tGetHandleVerifier [0x00007FF66CE85AE3+3532675]\n\tGetHandleVerifier [0x00007FF66CE7B0E0+3489152]\n\tGetHandleVerifier [0x00007FF66CBDE776+750614]\n\t(No symbol) [0x00007FF66CAB375F]\n\t(No symbol) [0x00007FF66CAAEB14]\n\t(No symbol) [0x00007FF66CAAECA2]\n\t(No symbol) [0x00007FF66CA9E16F]\n\tBaseThreadInitThunk [0x00007FFA769C7374+20]\n\tRtlUserThreadStart [0x00007FFA76FFCC91+33]", "trace": "self = <tests.test_make_order.TestCreateOrder object at 0x0000023B91C207D0>, pages = <web_pages.UIWorkerWeb object at 0x0000023B91C235C0>\nlogin = None, counter = ('xpath', \"//p[text()='Выполнено за все время:']/following-sibling::p\")\n\n    @allure.title('При создании заказа, происходит увеличения значения счетчиков заказов \"Выполнено за все время\"/\"Выполнено за сегодня\"')\n    @allure.description('Сверяем счетчик заказов \"Выполнено за все время\" / \"Выполнено за сегодня\" до создания заказа и после создания заказа '\n                        'Счетчик должен увеличиться')\n    @pytest.mark.parametrize('counter', [OrdersPageLocators.TOTAL_ORDER_COUNT, OrdersPageLocators.DAILY_ORDER_COUNT])\n    def test_today_orders_counter(self, pages, login, counter):\n>       pages.click_orders_list_button()\n\ntests\\test_make_order.py:38: \n_ _ _ _ _ _ _ _ _ _ _ _ _ _ _ _ _ _ _ _ _ _ _ _ _ _ _ _ _ _ _ _ _ _ _ _ _ _ _ _ _ _ _ _ _ _ _ _ _ _ _ _ _ _ _ _ _ _ _ _ _ _ _ _ _ _ _ _ _ _ _ _ _ _\nweb_pages\\main_page.py:14: in click_orders_list_button\n    self.wait_until_element_visibility(OrdersPageLocators.ORDERS_LIST_TITLE)\nweb_pages\\base_page.py:34: in wait_until_element_visibility\n    return WebDriverWait(self.driver, 10).until(EC.visibility_of_element_located(locator))\n_ _ _ _ _ _ _ _ _ _ _ _ _ _ _ _ _ _ _ _ _ _ _ _ _ _ _ _ _ _ _ _ _ _ _ _ _ _ _ _ _ _ _ _ _ _ _ _ _ _ _ _ _ _ _ _ _ _ _ _ _ _ _ _ _ _ _ _ _ _ _ _ _ _\n\nself = <selenium.webdriver.support.wait.WebDriverWait (session=\"2420fe1a98069b3b0624e9203e27abae\")>\nmethod = <function visibility_of_element_located.<locals>._predicate at 0x0000023B91C4EAC0>, message = ''\n\n    def until(self, method: Callable[[D], Union[Literal[False], T]], message: str = \"\") -> T:\n        \"\"\"Calls the method provided with the driver as an argument until the \\\n        return value does not evaluate to ``False``.\n    \n        :param method: callable(WebDriver)\n        :param message: optional message for :exc:`TimeoutException`\n        :returns: the result of the last call to `method`\n        :raises: :exc:`selenium.common.exceptions.TimeoutException` if timeout occurs\n        \"\"\"\n        screen = None\n        stacktrace = None\n    \n        end_time = time.monotonic() + self._timeout\n        while True:\n            try:\n                value = method(self._driver)\n                if value:\n                    return value\n            except self._ignored_exceptions as exc:\n                screen = getattr(exc, \"screen\", None)\n                stacktrace = getattr(exc, \"stacktrace\", None)\n            time.sleep(self._poll)\n            if time.monotonic() > end_time:\n                break\n>       raise TimeoutException(message, screen, stacktrace)\nE       selenium.common.exceptions.TimeoutException: Message: \nE       Stacktrace:\nE       \tGetHandleVerifier [0x00007FF66CB2EEA2+31554]\nE       \t(No symbol) [0x00007FF66CAA7ED9]\nE       \t(No symbol) [0x00007FF66C96872A]\nE       \t(No symbol) [0x00007FF66C9B8434]\nE       \t(No symbol) [0x00007FF66C9B853C]\nE       \t(No symbol) [0x00007FF66C9FF6A7]\nE       \t(No symbol) [0x00007FF66C9DD06F]\nE       \t(No symbol) [0x00007FF66C9FC977]\nE       \t(No symbol) [0x00007FF66C9DCDD3]\nE       \t(No symbol) [0x00007FF66C9AA33B]\nE       \t(No symbol) [0x00007FF66C9AAED1]\nE       \tGetHandleVerifier [0x00007FF66CE38B1D+3217341]\nE       \tGetHandleVerifier [0x00007FF66CE85AE3+3532675]\nE       \tGetHandleVerifier [0x00007FF66CE7B0E0+3489152]\nE       \tGetHandleVerifier [0x00007FF66CBDE776+750614]\nE       \t(No symbol) [0x00007FF66CAB375F]\nE       \t(No symbol) [0x00007FF66CAAEB14]\nE       \t(No symbol) [0x00007FF66CAAECA2]\nE       \t(No symbol) [0x00007FF66CA9E16F]\nE       \tBaseThreadInitThunk [0x00007FFA769C7374+20]\nE       \tRtlUserThreadStart [0x00007FFA76FFCC91+33]\n\nvenv\\Lib\\site-packages\\selenium\\webdriver\\support\\wait.py:105: TimeoutException"}, "description": "Сверяем счетчик заказов \"Выполнено за все время\" / \"Выполнено за сегодня\" до создания заказа и после создания заказа Счетчик должен увеличиться", "steps": [{"name": "Переход на страницу Лента заказов", "status": "broken", "statusDetails": {"message": "selenium.common.exceptions.TimeoutException: Message: \nStacktrace:\n\tGetHandleVerifier [0x00007FF66CB2EEA2+31554]\n\t(No symbol) [0x00007FF66CAA7ED9]\n\t(No symbol) [0x00007FF66C96872A]\n\t(No symbol) [0x00007FF66C9B8434]\n\t(No symbol) [0x00007FF66C9B853C]\n\t(No symbol) [0x00007FF66C9FF6A7]\n\t(No symbol) [0x00007FF66C9DD06F]\n\t(No symbol) [0x00007FF66C9FC977]\n\t(No symbol) [0x00007FF66C9DCDD3]\n\t(No symbol) [0x00007FF66C9AA33B]\n\t(No symbol) [0x00007FF66C9AAED1]\n\tGetHandleVerifier [0x00007FF66CE38B1D+3217341]\n\tGetHandleVerifier [0x00007FF66CE85AE3+3532675]\n\tGetHandleVerifier [0x00007FF66CE7B0E0+3489152]\n\tGetHandleVerifier [0x00007FF66CBDE776+750614]\n\t(No symbol) [0x00007FF66CAB375F]\n\t(No symbol) [0x00007FF66CAAEB14]\n\t(No symbol) [0x00007FF66CAAECA2]\n\t(No symbol) [0x00007FF66CA9E16F]\n\tBaseThreadInitThunk [0x00007FFA769C7374+20]\n\tRtlUserThreadStart [0x00007FFA76FFCC91+33]\n\n", "trace": "  File \"C:\\Users\\User\\PycharmProjects\\Diplom_3\\venv\\Lib\\site-packages\\allure_commons\\_allure.py\", line 192, in impl\n    return func(*a, **kw)\n           ^^^^^^^^^^^^^^\n  File \"C:\\Users\\User\\PycharmProjects\\Diplom_3\\web_pages\\main_page.py\", line 14, in click_orders_list_button\n    self.wait_until_element_visibility(OrdersPageLocators.ORDERS_LIST_TITLE)\n  File \"C:\\Users\\User\\PycharmProjects\\Diplom_3\\venv\\Lib\\site-packages\\allure_commons\\_allure.py\", line 192, in impl\n    return func(*a, **kw)\n           ^^^^^^^^^^^^^^\n  File \"C:\\Users\\User\\PycharmProjects\\Diplom_3\\web_pages\\base_page.py\", line 34, in wait_until_element_visibility\n    return WebDriverWait(self.driver, 10).until(EC.visibility_of_element_located(locator))\n           ^^^^^^^^^^^^^^^^^^^^^^^^^^^^^^^^^^^^^^^^^^^^^^^^^^^^^^^^^^^^^^^^^^^^^^^^^^^^^^^\n  File \"C:\\Users\\User\\PycharmProjects\\Diplom_3\\venv\\Lib\\site-packages\\selenium\\webdriver\\support\\wait.py\", line 105, in until\n    raise TimeoutException(message, screen, stacktrace)\n"}, "steps": [{"name": "Переместиться до элемента и кликнуть", "status": "passed", "parameters": [{"name": "locator", "value": "('xpath', '//p[text()=\"Лента Заказов\"]/parent::a')"}], "start": 1721241527478, "stop": 1721241527783}, {"name": "Дождаться видимости элемента", "status": "broken", "statusDetails": {"message": "selenium.common.exceptions.TimeoutException: Message: \nStacktrace:\n\tGetHandleVerifier [0x00007FF66CB2EEA2+31554]\n\t(No symbol) [0x00007FF66CAA7ED9]\n\t(No symbol) [0x00007FF66C96872A]\n\t(No symbol) [0x00007FF66C9B8434]\n\t(No symbol) [0x00007FF66C9B853C]\n\t(No symbol) [0x00007FF66C9FF6A7]\n\t(No symbol) [0x00007FF66C9DD06F]\n\t(No symbol) [0x00007FF66C9FC977]\n\t(No symbol) [0x00007FF66C9DCDD3]\n\t(No symbol) [0x00007FF66C9AA33B]\n\t(No symbol) [0x00007FF66C9AAED1]\n\tGetHandleVerifier [0x00007FF66CE38B1D+3217341]\n\tGetHandleVerifier [0x00007FF66CE85AE3+3532675]\n\tGetHandleVerifier [0x00007FF66CE7B0E0+3489152]\n\tGetHandleVerifier [0x00007FF66CBDE776+750614]\n\t(No symbol) [0x00007FF66CAB375F]\n\t(No symbol) [0x00007FF66CAAEB14]\n\t(No symbol) [0x00007FF66CAAECA2]\n\t(No symbol) [0x00007FF66CA9E16F]\n\tBaseThreadInitThunk [0x00007FFA769C7374+20]\n\tRtlUserThreadStart [0x00007FFA76FFCC91+33]\n\n", "trace": "  File \"C:\\Users\\User\\PycharmProjects\\Diplom_3\\venv\\Lib\\site-packages\\allure_commons\\_allure.py\", line 192, in impl\n    return func(*a, **kw)\n           ^^^^^^^^^^^^^^\n  File \"C:\\Users\\User\\PycharmProjects\\Diplom_3\\web_pages\\base_page.py\", line 34, in wait_until_element_visibility\n    return WebDriverWait(self.driver, 10).until(EC.visibility_of_element_located(locator))\n           ^^^^^^^^^^^^^^^^^^^^^^^^^^^^^^^^^^^^^^^^^^^^^^^^^^^^^^^^^^^^^^^^^^^^^^^^^^^^^^^\n  File \"C:\\Users\\User\\PycharmProjects\\Diplom_3\\venv\\Lib\\site-packages\\selenium\\webdriver\\support\\wait.py\", line 105, in until\n    raise TimeoutException(message, screen, stacktrace)\n"}, "parameters": [{"name": "locator", "value": "('xpath', '//h1[text()=\"Лента заказов\"]')"}], "start": 1721241527783, "stop": 1721241537999}], "start": 1721241527478, "stop": 1721241538004}], "parameters": [{"name": "driver_do", "value": "'chrome'"}, {"name": "counter", "value": "('xpath', \"//p[text()='Выполнено за все время:']/following-sibling::p\")"}], "start": 1721241527478, "stop": 1721241538009, "uuid": "21a021a0-f5ce-4725-9f02-b58011f0e958", "historyId": "af4ce06e167af07b5c1536fa4daf9d85", "testCaseId": "b2b3d1bfa1249c585c57bf1635a29273", "fullName": "tests.test_make_order.TestCreateOrder#test_today_orders_counter", "labels": [{"name": "parentSuite", "value": "tests"}, {"name": "suite", "value": "test_make_order"}, {"name": "subSuite", "value": "TestCreateOrder"}, {"name": "host", "value": "DESKTOP-UBJ37DP"}, {"name": "thread", "value": "3368-MainThread"}, {"name": "framework", "value": "pytest"}, {"name": "language", "value": "cpython3"}, {"name": "package", "value": "tests.test_make_order"}]}