{"name": "При создании заказа, происходит увеличения значения счетчиков заказов \"Выполнено за все время\"/\"Выполнено за сегодня\"", "status": "broken", "statusDetails": {"message": "selenium.common.exceptions.ElementClickInterceptedException: Message: element click intercepted: Element <button type=\"button\" class=\"Modal_modal__close_modified__3V5XS Modal_modal__close__TnseK\">...</button> is not clickable at point (1266, 284). Other element would receive the click: <div class=\"Modal_modal_overlay__x2ZCr\"></div>\n  (Session info: chrome-headless-shell=126.0.6478.128)\nStacktrace:\n\tGetHandleVerifier [0x00007FF70D2BEEA2+31554]\n\t(No symbol) [0x00007FF70D237ED9]\n\t(No symbol) [0x00007FF70D0F872A]\n\t(No symbol) [0x00007FF70D15012E]\n\t(No symbol) [0x00007FF70D14DAF2]\n\t(No symbol) [0x00007FF70D14AF8B]\n\t(No symbol) [0x00007FF70D14A156]\n\t(No symbol) [0x00007FF70D13C151]\n\t(No symbol) [0x00007FF70D16D02A]\n\t(No symbol) [0x00007FF70D13BA76]\n\t(No symbol) [0x00007FF70D16D240]\n\t(No symbol) [0x00007FF70D18C977]\n\t(No symbol) [0x00007FF70D16CDD3]\n\t(No symbol) [0x00007FF70D13A33B]\n\t(No symbol) [0x00007FF70D13AED1]\n\tGetHandleVerifier [0x00007FF70D5C8B1D+3217341]\n\tGetHandleVerifier [0x00007FF70D615AE3+3532675]\n\tGetHandleVerifier [0x00007FF70D60B0E0+3489152]\n\tGetHandleVerifier [0x00007FF70D36E776+750614]\n\t(No symbol) [0x00007FF70D24375F]\n\t(No symbol) [0x00007FF70D23EB14]\n\t(No symbol) [0x00007FF70D23ECA2]\n\t(No symbol) [0x00007FF70D22E16F]\n\tBaseThreadInitThunk [0x00007FFA769C7374+20]\n\tRtlUserThreadStart [0x00007FFA76FFCC91+33]", "trace": "self = <tests.test_make_order.TestCreateOrder object at 0x000001D533465730>, pages = <web_pages.UIWorkerWeb object at 0x000001D533467CB0>\nlogin = None, counter = ('xpath', \"//p[text()='Выполнено за все время:']/following-sibling::p\")\n\n>   ???\n\nC:\\Users\\User\\PycharmProjects\\Diplom_3\\tests\\test_make_order.py:43: \n_ _ _ _ _ _ _ _ _ _ _ _ _ _ _ _ _ _ _ _ _ _ _ _ _ _ _ _ _ _ _ _ _ _ _ _ _ _ _ _ _ _ _ _ _ _ _ _ _ _ _ _ _ _ _ _ _ _ _ _ _ _ _ _ _ _ _ _ _ _ _ _ _ _\nweb_pages\\main_page.py:83: in click_close_modal_order\n    self.click_on_element(MainPageLocators.CLOSE_MODAL_ORDER)\nweb_pages\\base_page.py:18: in click_on_element\n    self.driver.find_element(*locator).click()\nvenv\\Lib\\site-packages\\selenium\\webdriver\\remote\\webelement.py:94: in click\n    self._execute(Command.CLICK_ELEMENT)\nvenv\\Lib\\site-packages\\selenium\\webdriver\\remote\\webelement.py:395: in _execute\n    return self._parent.execute(command, params)\nvenv\\Lib\\site-packages\\selenium\\webdriver\\remote\\webdriver.py:347: in execute\n    self.error_handler.check_response(response)\n_ _ _ _ _ _ _ _ _ _ _ _ _ _ _ _ _ _ _ _ _ _ _ _ _ _ _ _ _ _ _ _ _ _ _ _ _ _ _ _ _ _ _ _ _ _ _ _ _ _ _ _ _ _ _ _ _ _ _ _ _ _ _ _ _ _ _ _ _ _ _ _ _ _\n\nself = <selenium.webdriver.remote.errorhandler.ErrorHandler object at 0x000001D533467500>\nresponse = {'status': 400, 'value': '{\"value\":{\"error\":\"element click intercepted\",\"message\":\"element click intercepted: Element ...07FF70D22E16F]\\\\n\\\\tBaseThreadInitThunk [0x00007FFA769C7374+20]\\\\n\\\\tRtlUserThreadStart [0x00007FFA76FFCC91+33]\\\\n\"}}'}\n\n    def check_response(self, response: Dict[str, Any]) -> None:\n        \"\"\"Checks that a JSON response from the WebDriver does not have an\n        error.\n    \n        :Args:\n         - response - The JSON response from the WebDriver server as a dictionary\n           object.\n    \n        :Raises: If the response contains an error message.\n        \"\"\"\n        status = response.get(\"status\", None)\n        if not status or status == ErrorCode.SUCCESS:\n            return\n        value = None\n        message = response.get(\"message\", \"\")\n        screen: str = response.get(\"screen\", \"\")\n        stacktrace = None\n        if isinstance(status, int):\n            value_json = response.get(\"value\", None)\n            if value_json and isinstance(value_json, str):\n                import json\n    \n                try:\n                    value = json.loads(value_json)\n                    if len(value) == 1:\n                        value = value[\"value\"]\n                    status = value.get(\"error\", None)\n                    if not status:\n                        status = value.get(\"status\", ErrorCode.UNKNOWN_ERROR)\n                        message = value.get(\"value\") or value.get(\"message\")\n                        if not isinstance(message, str):\n                            value = message\n                            message = message.get(\"message\")\n                    else:\n                        message = value.get(\"message\", None)\n                except ValueError:\n                    pass\n    \n        exception_class: Type[WebDriverException]\n        e = ErrorCode()\n        error_codes = [item for item in dir(e) if not item.startswith(\"__\")]\n        for error_code in error_codes:\n            error_info = getattr(ErrorCode, error_code)\n            if isinstance(error_info, list) and status in error_info:\n                exception_class = getattr(ExceptionMapping, error_code, WebDriverException)\n                break\n        else:\n            exception_class = WebDriverException\n    \n        if not value:\n            value = response[\"value\"]\n        if isinstance(value, str):\n            raise exception_class(value)\n        if message == \"\" and \"message\" in value:\n            message = value[\"message\"]\n    \n        screen = None  # type: ignore[assignment]\n        if \"screen\" in value:\n            screen = value[\"screen\"]\n    \n        stacktrace = None\n        st_value = value.get(\"stackTrace\") or value.get(\"stacktrace\")\n        if st_value:\n            if isinstance(st_value, str):\n                stacktrace = st_value.split(\"\\n\")\n            else:\n                stacktrace = []\n                try:\n                    for frame in st_value:\n                        line = frame.get(\"lineNumber\", \"\")\n                        file = frame.get(\"fileName\", \"<anonymous>\")\n                        if line:\n                            file = f\"{file}:{line}\"\n                        meth = frame.get(\"methodName\", \"<anonymous>\")\n                        if \"className\" in frame:\n                            meth = f\"{frame['className']}.{meth}\"\n                        msg = \"    at %s (%s)\"\n                        msg = msg % (meth, file)\n                        stacktrace.append(msg)\n                except TypeError:\n                    pass\n        if exception_class == UnexpectedAlertPresentException:\n            alert_text = None\n            if \"data\" in value:\n                alert_text = value[\"data\"].get(\"text\")\n            elif \"alert\" in value:\n                alert_text = value[\"alert\"].get(\"text\")\n            raise exception_class(message, screen, stacktrace, alert_text)  # type: ignore[call-arg]  # mypy is not smart enough here\n>       raise exception_class(message, screen, stacktrace)\nE       selenium.common.exceptions.ElementClickInterceptedException: Message: element click intercepted: Element <button type=\"button\" class=\"Modal_modal__close_modified__3V5XS Modal_modal__close__TnseK\">...</button> is not clickable at point (1266, 284). Other element would receive the click: <div class=\"Modal_modal_overlay__x2ZCr\"></div>\nE         (Session info: chrome-headless-shell=126.0.6478.128)\nE       Stacktrace:\nE       \tGetHandleVerifier [0x00007FF70D2BEEA2+31554]\nE       \t(No symbol) [0x00007FF70D237ED9]\nE       \t(No symbol) [0x00007FF70D0F872A]\nE       \t(No symbol) [0x00007FF70D15012E]\nE       \t(No symbol) [0x00007FF70D14DAF2]\nE       \t(No symbol) [0x00007FF70D14AF8B]\nE       \t(No symbol) [0x00007FF70D14A156]\nE       \t(No symbol) [0x00007FF70D13C151]\nE       \t(No symbol) [0x00007FF70D16D02A]\nE       \t(No symbol) [0x00007FF70D13BA76]\nE       \t(No symbol) [0x00007FF70D16D240]\nE       \t(No symbol) [0x00007FF70D18C977]\nE       \t(No symbol) [0x00007FF70D16CDD3]\nE       \t(No symbol) [0x00007FF70D13A33B]\nE       \t(No symbol) [0x00007FF70D13AED1]\nE       \tGetHandleVerifier [0x00007FF70D5C8B1D+3217341]\nE       \tGetHandleVerifier [0x00007FF70D615AE3+3532675]\nE       \tGetHandleVerifier [0x00007FF70D60B0E0+3489152]\nE       \tGetHandleVerifier [0x00007FF70D36E776+750614]\nE       \t(No symbol) [0x00007FF70D24375F]\nE       \t(No symbol) [0x00007FF70D23EB14]\nE       \t(No symbol) [0x00007FF70D23ECA2]\nE       \t(No symbol) [0x00007FF70D22E16F]\nE       \tBaseThreadInitThunk [0x00007FFA769C7374+20]\nE       \tRtlUserThreadStart [0x00007FFA76FFCC91+33]\n\nvenv\\Lib\\site-packages\\selenium\\webdriver\\remote\\errorhandler.py:229: ElementClickInterceptedException"}, "description": "Сверяем счетчик заказов \"Выполнено за все время\" / \"Выполнено за сегодня\" до создания заказа и после создания заказа Счетчик должен увеличиться", "steps": [{"name": "Переход на страницу Лента заказов", "status": "passed", "steps": [{"name": "Переместиться до элемента и кликнуть", "status": "passed", "parameters": [{"name": "locator", "value": "('xpath', '//p[text()=\"Лента Заказов\"]/parent::a')"}], "start": 1721365710844, "stop": 1721365711200}, {"name": "Дождаться видимости элемента", "status": "passed", "parameters": [{"name": "locator", "value": "('xpath', '//h1[text()=\"Лента заказов\"]')"}], "start": 1721365711200, "stop": 1721365711773}], "start": 1721365710844, "stop": 1721365711773}, {"name": "Получение количества заказов", "status": "passed", "steps": [{"name": "Получить текущий текст", "status": "passed", "parameters": [{"name": "locator", "value": "('xpath', \"//p[text()='Выполнено за все время:']/following-sibling::p\")"}], "start": 1721365711774, "stop": 1721365711838}], "parameters": [{"name": "locator", "value": "('xpath', \"//p[text()='Выполнено за все время:']/following-sibling::p\")"}], "start": 1721365711774, "stop": 1721365711838}, {"name": "Переход в \"Конструктор\"", "status": "passed", "steps": [{"name": "Кликаем по элементу ('xpath', '//p[text()=\"Конструктор\"]/parent::a')", "status": "passed", "parameters": [{"name": "locator", "value": "('xpath', '//p[text()=\"Конструктор\"]/parent::a')"}], "start": 1721365711838, "stop": 1721365712061}, {"name": "Дождаться видимости элемента", "status": "passed", "parameters": [{"name": "locator", "value": "('xpath', \"//h1[text()='Соберите бургер']\")"}], "start": 1721365712061, "stop": 1721365712137}], "start": 1721365711838, "stop": 1721365712137}, {"name": "Добавить ингридиент в заказ", "status": "passed", "steps": [{"name": "Дождаться кликабельности элемента", "status": "passed", "parameters": [{"name": "locator", "value": "('xpath', '//p[text()=\"Флюоресцентная булка R2-D3\"]')"}], "start": 1721365712138, "stop": 1721365712273}, {"name": "Перетащить элемент", "status": "passed", "parameters": [{"name": "locator_one", "value": "('xpath', '//p[text()=\"Флюоресцентная булка R2-D3\"]')"}, {"name": "locator_two", "value": "('xpath', \"//span[@class='constructor-element__text' and text()='Перетяните булочку сюда (низ)']\")"}], "start": 1721365712274, "stop": 1721365712970}], "start": 1721365712137, "stop": 1721365712970}, {"name": "Нажать на кнопку Оформить заказ", "status": "passed", "steps": [{"name": "Переместиться до элемента и кликнуть", "status": "passed", "parameters": [{"name": "locator", "value": "('xpath', '//button[text()=\"Оформить заказ\"]')"}], "start": 1721365712971, "stop": 1721365713355}], "start": 1721365712971, "stop": 1721365713355}, {"name": "Закрыть модальное окно после создания заказа", "status": "broken", "statusDetails": {"message": "selenium.common.exceptions.ElementClickInterceptedException: Message: element click intercepted: Element <button type=\"button\" class=\"Modal_modal__close_modified__3V5XS Modal_modal__close__TnseK\">...</button> is not clickable at point (1266, 284). Other element would receive the click: <div class=\"Modal_modal_overlay__x2ZCr\"></div>\n  (Session info: chrome-headless-shell=126.0.6478.128)\nStacktrace:\n\tGetHandleVerifier [0x00007FF70D2BEEA2+31554]\n\t(No symbol) [0x00007FF70D237ED9]\n\t(No symbol) [0x00007FF70D0F872A]\n\t(No symbol) [0x00007FF70D15012E]\n\t(No symbol) [0x00007FF70D14DAF2]\n\t(No symbol) [0x00007FF70D14AF8B]\n\t(No symbol) [0x00007FF70D14A156]\n\t(No symbol) [0x00007FF70D13C151]\n\t(No symbol) [0x00007FF70D16D02A]\n\t(No symbol) [0x00007FF70D13BA76]\n\t(No symbol) [0x00007FF70D16D240]\n\t(No symbol) [0x00007FF70D18C977]\n\t(No symbol) [0x00007FF70D16CDD3]\n\t(No symbol) [0x00007FF70D13A33B]\n\t(No symbol) [0x00007FF70D13AED1]\n\tGetHandleVerifier [0x00007FF70D5C8B1D+3217341]\n\tGetHandleVerifier [0x00007FF70D615AE3+3532675]\n\tGetHandleVerifier [0x00007FF70D60B0E0+3489152]\n\tGetHandleVerifier [0x00007FF70D36E776+750614]\n\t(No symbol) [0x00007FF70D24375F]\n\t(No symbol) [0x00007FF70D23EB14]\n\t(No symbol) [0x00007FF70D23ECA2]\n\t(No symbol) [0x00007FF70D22E16F]\n\tBaseThreadInitThunk [0x00007FFA769C7374+20]\n\tRtlUserThreadStart [0x00007FFA76FFCC91+33]\n\n", "trace": "  File \"C:\\Users\\User\\Diplom\\Diplom_3\\venv\\Lib\\site-packages\\allure_commons\\_allure.py\", line 192, in impl\n    return func(*a, **kw)\n           ^^^^^^^^^^^^^^\n  File \"C:\\Users\\User\\Diplom\\Diplom_3\\web_pages\\main_page.py\", line 83, in click_close_modal_order\n    self.click_on_element(MainPageLocators.CLOSE_MODAL_ORDER)\n  File \"C:\\Users\\User\\Diplom\\Diplom_3\\venv\\Lib\\site-packages\\allure_commons\\_allure.py\", line 192, in impl\n    return func(*a, **kw)\n           ^^^^^^^^^^^^^^\n  File \"C:\\Users\\User\\Diplom\\Diplom_3\\web_pages\\base_page.py\", line 18, in click_on_element\n    self.driver.find_element(*locator).click()\n  File \"C:\\Users\\User\\Diplom\\Diplom_3\\venv\\Lib\\site-packages\\selenium\\webdriver\\remote\\webelement.py\", line 94, in click\n    self._execute(Command.CLICK_ELEMENT)\n  File \"C:\\Users\\User\\Diplom\\Diplom_3\\venv\\Lib\\site-packages\\selenium\\webdriver\\remote\\webelement.py\", line 395, in _execute\n    return self._parent.execute(command, params)\n           ^^^^^^^^^^^^^^^^^^^^^^^^^^^^^^^^^^^^^\n  File \"C:\\Users\\User\\Diplom\\Diplom_3\\venv\\Lib\\site-packages\\selenium\\webdriver\\remote\\webdriver.py\", line 347, in execute\n    self.error_handler.check_response(response)\n  File \"C:\\Users\\User\\Diplom\\Diplom_3\\venv\\Lib\\site-packages\\selenium\\webdriver\\remote\\errorhandler.py\", line 229, in check_response\n    raise exception_class(message, screen, stacktrace)\n"}, "steps": [{"name": "Дождаться видимости элемента", "status": "passed", "parameters": [{"name": "locator", "value": "('xpath', \"//button[contains(@class, 'Modal_modal__close')][1]\")"}], "start": 1721365713357, "stop": 1721365713445}, {"name": "Кликаем по элементу ('xpath', \"//button[contains(@class, 'Modal_modal__close')][1]\")", "status": "broken", "statusDetails": {"message": "selenium.common.exceptions.ElementClickInterceptedException: Message: element click intercepted: Element <button type=\"button\" class=\"Modal_modal__close_modified__3V5XS Modal_modal__close__TnseK\">...</button> is not clickable at point (1266, 284). Other element would receive the click: <div class=\"Modal_modal_overlay__x2ZCr\"></div>\n  (Session info: chrome-headless-shell=126.0.6478.128)\nStacktrace:\n\tGetHandleVerifier [0x00007FF70D2BEEA2+31554]\n\t(No symbol) [0x00007FF70D237ED9]\n\t(No symbol) [0x00007FF70D0F872A]\n\t(No symbol) [0x00007FF70D15012E]\n\t(No symbol) [0x00007FF70D14DAF2]\n\t(No symbol) [0x00007FF70D14AF8B]\n\t(No symbol) [0x00007FF70D14A156]\n\t(No symbol) [0x00007FF70D13C151]\n\t(No symbol) [0x00007FF70D16D02A]\n\t(No symbol) [0x00007FF70D13BA76]\n\t(No symbol) [0x00007FF70D16D240]\n\t(No symbol) [0x00007FF70D18C977]\n\t(No symbol) [0x00007FF70D16CDD3]\n\t(No symbol) [0x00007FF70D13A33B]\n\t(No symbol) [0x00007FF70D13AED1]\n\tGetHandleVerifier [0x00007FF70D5C8B1D+3217341]\n\tGetHandleVerifier [0x00007FF70D615AE3+3532675]\n\tGetHandleVerifier [0x00007FF70D60B0E0+3489152]\n\tGetHandleVerifier [0x00007FF70D36E776+750614]\n\t(No symbol) [0x00007FF70D24375F]\n\t(No symbol) [0x00007FF70D23EB14]\n\t(No symbol) [0x00007FF70D23ECA2]\n\t(No symbol) [0x00007FF70D22E16F]\n\tBaseThreadInitThunk [0x00007FFA769C7374+20]\n\tRtlUserThreadStart [0x00007FFA76FFCC91+33]\n\n", "trace": "  File \"C:\\Users\\User\\Diplom\\Diplom_3\\venv\\Lib\\site-packages\\allure_commons\\_allure.py\", line 192, in impl\n    return func(*a, **kw)\n           ^^^^^^^^^^^^^^\n  File \"C:\\Users\\User\\Diplom\\Diplom_3\\web_pages\\base_page.py\", line 18, in click_on_element\n    self.driver.find_element(*locator).click()\n  File \"C:\\Users\\User\\Diplom\\Diplom_3\\venv\\Lib\\site-packages\\selenium\\webdriver\\remote\\webelement.py\", line 94, in click\n    self._execute(Command.CLICK_ELEMENT)\n  File \"C:\\Users\\User\\Diplom\\Diplom_3\\venv\\Lib\\site-packages\\selenium\\webdriver\\remote\\webelement.py\", line 395, in _execute\n    return self._parent.execute(command, params)\n           ^^^^^^^^^^^^^^^^^^^^^^^^^^^^^^^^^^^^^\n  File \"C:\\Users\\User\\Diplom\\Diplom_3\\venv\\Lib\\site-packages\\selenium\\webdriver\\remote\\webdriver.py\", line 347, in execute\n    self.error_handler.check_response(response)\n  File \"C:\\Users\\User\\Diplom\\Diplom_3\\venv\\Lib\\site-packages\\selenium\\webdriver\\remote\\errorhandler.py\", line 229, in check_response\n    raise exception_class(message, screen, stacktrace)\n"}, "parameters": [{"name": "locator", "value": "('xpath', \"//button[contains(@class, 'Modal_modal__close')][1]\")"}], "start": 1721365713446, "stop": 1721365714657}], "start": 1721365713356, "stop": 1721365714666}], "parameters": [{"name": "driver_do", "value": "'chrome'"}, {"name": "counter", "value": "('xpath', \"//p[text()='Выполнено за все время:']/following-sibling::p\")"}], "start": 1721365710843, "stop": 1721365714671, "uuid": "59e07bde-44b8-4e45-b987-7eb2972ae7ae", "historyId": "af4ce06e167af07b5c1536fa4daf9d85", "testCaseId": "b2b3d1bfa1249c585c57bf1635a29273", "fullName": "tests.test_make_order.TestCreateOrder#test_today_orders_counter", "labels": [{"name": "parentSuite", "value": "tests"}, {"name": "suite", "value": "test_make_order"}, {"name": "subSuite", "value": "TestCreateOrder"}, {"name": "host", "value": "DESKTOP-UBJ37DP"}, {"name": "thread", "value": "7964-MainThread"}, {"name": "framework", "value": "pytest"}, {"name": "language", "value": "cpython3"}, {"name": "package", "value": "tests.test_make_order"}]}