{"name": "При нажатии в header кнопки \"Конструктор\" совершается переход на старницу сбора бургера", "status": "broken", "statusDetails": {"message": "selenium.common.exceptions.NoSuchElementException: Message: no such element: Unable to locate element: {\"method\":\"xpath\",\"selector\":\"//p[text()=\"Лента Заказов\"]/parent::a\"}\n  (Session info: chrome-headless-shell=126.0.6478.128); For documentation on this error, please visit: https://www.selenium.dev/documentation/webdriver/troubleshooting/errors#no-such-element-exception\nStacktrace:\n\tGetHandleVerifier [0x00007FF66CB2EEA2+31554]\n\t(No symbol) [0x00007FF66CAA7ED9]\n\t(No symbol) [0x00007FF66C96872A]\n\t(No symbol) [0x00007FF66C9B8434]\n\t(No symbol) [0x00007FF66C9B853C]\n\t(No symbol) [0x00007FF66C9FF6A7]\n\t(No symbol) [0x00007FF66C9DD06F]\n\t(No symbol) [0x00007FF66C9FC977]\n\t(No symbol) [0x00007FF66C9DCDD3]\n\t(No symbol) [0x00007FF66C9AA33B]\n\t(No symbol) [0x00007FF66C9AAED1]\n\tGetHandleVerifier [0x00007FF66CE38B1D+3217341]\n\tGetHandleVerifier [0x00007FF66CE85AE3+3532675]\n\tGetHandleVerifier [0x00007FF66CE7B0E0+3489152]\n\tGetHandleVerifier [0x00007FF66CBDE776+750614]\n\t(No symbol) [0x00007FF66CAB375F]\n\t(No symbol) [0x00007FF66CAAEB14]\n\t(No symbol) [0x00007FF66CAAECA2]\n\t(No symbol) [0x00007FF66CA9E16F]\n\tBaseThreadInitThunk [0x00007FFA769C7374+20]\n\tRtlUserThreadStart [0x00007FFA76FFCC91+33]", "trace": "self = <tests.test_main_page.TestMainPage object at 0x0000022985F59940>, pages = <web_pages.UIWorkerWeb object at 0x0000022985F942F0>\n\n    @allure.title('При нажатии в header кнопки \"Конструктор\" совершается переход на старницу сбора бургера')\n    @allure.description('При нажатии в header кнопки \"Конструктор\"  происходит редирект на страницу со всеми заказами')\n    def test_go_to_constructor(self, pages):\n>       pages.click_orders_list_button()\n\ntests\\test_main_page.py:21: \n_ _ _ _ _ _ _ _ _ _ _ _ _ _ _ _ _ _ _ _ _ _ _ _ _ _ _ _ _ _ _ _ _ _ _ _ _ _ _ _ _ _ _ _ _ _ _ _ _ _ _ _ _ _ _ _ _ _ _ _ _ _ _ _ _ _ _ _ _ _ _ _ _ _\nweb_pages\\main_page.py:13: in click_orders_list_button\n    self.move_to_element_and_click(MainPageLocators.ORDERS_LIST_BUTTON)\nweb_pages\\base_page.py:47: in move_to_element_and_click\n    element = self.driver.find_element(*locator)\nvenv\\Lib\\site-packages\\selenium\\webdriver\\remote\\webdriver.py:741: in find_element\n    return self.execute(Command.FIND_ELEMENT, {\"using\": by, \"value\": value})[\"value\"]\nvenv\\Lib\\site-packages\\selenium\\webdriver\\remote\\webdriver.py:347: in execute\n    self.error_handler.check_response(response)\n_ _ _ _ _ _ _ _ _ _ _ _ _ _ _ _ _ _ _ _ _ _ _ _ _ _ _ _ _ _ _ _ _ _ _ _ _ _ _ _ _ _ _ _ _ _ _ _ _ _ _ _ _ _ _ _ _ _ _ _ _ _ _ _ _ _ _ _ _ _ _ _ _ _\n\nself = <selenium.webdriver.remote.errorhandler.ErrorHandler object at 0x0000022985F96F00>\nresponse = {'status': 404, 'value': '{\"value\":{\"error\":\"no such element\",\"message\":\"no such element: Unable to locate element: {\\...07FF66CA9E16F]\\\\n\\\\tBaseThreadInitThunk [0x00007FFA769C7374+20]\\\\n\\\\tRtlUserThreadStart [0x00007FFA76FFCC91+33]\\\\n\"}}'}\n\n    def check_response(self, response: Dict[str, Any]) -> None:\n        \"\"\"Checks that a JSON response from the WebDriver does not have an\n        error.\n    \n        :Args:\n         - response - The JSON response from the WebDriver server as a dictionary\n           object.\n    \n        :Raises: If the response contains an error message.\n        \"\"\"\n        status = response.get(\"status\", None)\n        if not status or status == ErrorCode.SUCCESS:\n            return\n        value = None\n        message = response.get(\"message\", \"\")\n        screen: str = response.get(\"screen\", \"\")\n        stacktrace = None\n        if isinstance(status, int):\n            value_json = response.get(\"value\", None)\n            if value_json and isinstance(value_json, str):\n                import json\n    \n                try:\n                    value = json.loads(value_json)\n                    if len(value) == 1:\n                        value = value[\"value\"]\n                    status = value.get(\"error\", None)\n                    if not status:\n                        status = value.get(\"status\", ErrorCode.UNKNOWN_ERROR)\n                        message = value.get(\"value\") or value.get(\"message\")\n                        if not isinstance(message, str):\n                            value = message\n                            message = message.get(\"message\")\n                    else:\n                        message = value.get(\"message\", None)\n                except ValueError:\n                    pass\n    \n        exception_class: Type[WebDriverException]\n        e = ErrorCode()\n        error_codes = [item for item in dir(e) if not item.startswith(\"__\")]\n        for error_code in error_codes:\n            error_info = getattr(ErrorCode, error_code)\n            if isinstance(error_info, list) and status in error_info:\n                exception_class = getattr(ExceptionMapping, error_code, WebDriverException)\n                break\n        else:\n            exception_class = WebDriverException\n    \n        if not value:\n            value = response[\"value\"]\n        if isinstance(value, str):\n            raise exception_class(value)\n        if message == \"\" and \"message\" in value:\n            message = value[\"message\"]\n    \n        screen = None  # type: ignore[assignment]\n        if \"screen\" in value:\n            screen = value[\"screen\"]\n    \n        stacktrace = None\n        st_value = value.get(\"stackTrace\") or value.get(\"stacktrace\")\n        if st_value:\n            if isinstance(st_value, str):\n                stacktrace = st_value.split(\"\\n\")\n            else:\n                stacktrace = []\n                try:\n                    for frame in st_value:\n                        line = frame.get(\"lineNumber\", \"\")\n                        file = frame.get(\"fileName\", \"<anonymous>\")\n                        if line:\n                            file = f\"{file}:{line}\"\n                        meth = frame.get(\"methodName\", \"<anonymous>\")\n                        if \"className\" in frame:\n                            meth = f\"{frame['className']}.{meth}\"\n                        msg = \"    at %s (%s)\"\n                        msg = msg % (meth, file)\n                        stacktrace.append(msg)\n                except TypeError:\n                    pass\n        if exception_class == UnexpectedAlertPresentException:\n            alert_text = None\n            if \"data\" in value:\n                alert_text = value[\"data\"].get(\"text\")\n            elif \"alert\" in value:\n                alert_text = value[\"alert\"].get(\"text\")\n            raise exception_class(message, screen, stacktrace, alert_text)  # type: ignore[call-arg]  # mypy is not smart enough here\n>       raise exception_class(message, screen, stacktrace)\nE       selenium.common.exceptions.NoSuchElementException: Message: no such element: Unable to locate element: {\"method\":\"xpath\",\"selector\":\"//p[text()=\"Лента Заказов\"]/parent::a\"}\nE         (Session info: chrome-headless-shell=126.0.6478.128); For documentation on this error, please visit: https://www.selenium.dev/documentation/webdriver/troubleshooting/errors#no-such-element-exception\nE       Stacktrace:\nE       \tGetHandleVerifier [0x00007FF66CB2EEA2+31554]\nE       \t(No symbol) [0x00007FF66CAA7ED9]\nE       \t(No symbol) [0x00007FF66C96872A]\nE       \t(No symbol) [0x00007FF66C9B8434]\nE       \t(No symbol) [0x00007FF66C9B853C]\nE       \t(No symbol) [0x00007FF66C9FF6A7]\nE       \t(No symbol) [0x00007FF66C9DD06F]\nE       \t(No symbol) [0x00007FF66C9FC977]\nE       \t(No symbol) [0x00007FF66C9DCDD3]\nE       \t(No symbol) [0x00007FF66C9AA33B]\nE       \t(No symbol) [0x00007FF66C9AAED1]\nE       \tGetHandleVerifier [0x00007FF66CE38B1D+3217341]\nE       \tGetHandleVerifier [0x00007FF66CE85AE3+3532675]\nE       \tGetHandleVerifier [0x00007FF66CE7B0E0+3489152]\nE       \tGetHandleVerifier [0x00007FF66CBDE776+750614]\nE       \t(No symbol) [0x00007FF66CAB375F]\nE       \t(No symbol) [0x00007FF66CAAEB14]\nE       \t(No symbol) [0x00007FF66CAAECA2]\nE       \t(No symbol) [0x00007FF66CA9E16F]\nE       \tBaseThreadInitThunk [0x00007FFA769C7374+20]\nE       \tRtlUserThreadStart [0x00007FFA76FFCC91+33]\n\nvenv\\Lib\\site-packages\\selenium\\webdriver\\remote\\errorhandler.py:229: NoSuchElementException"}, "description": "При нажатии в header кнопки \"Конструктор\"  происходит редирект на страницу со всеми заказами", "steps": [{"name": "Переход на страницу Лента заказов", "status": "broken", "statusDetails": {"message": "selenium.common.exceptions.NoSuchElementException: Message: no such element: Unable to locate element: {\"method\":\"xpath\",\"selector\":\"//p[text()=\"Лента Заказов\"]/parent::a\"}\n  (Session info: chrome-headless-shell=126.0.6478.128); For documentation on this error, please visit: https://www.selenium.dev/documentation/webdriver/troubleshooting/errors#no-such-element-exception\nStacktrace:\n\tGetHandleVerifier [0x00007FF66CB2EEA2+31554]\n\t(No symbol) [0x00007FF66CAA7ED9]\n\t(No symbol) [0x00007FF66C96872A]\n\t(No symbol) [0x00007FF66C9B8434]\n\t(No symbol) [0x00007FF66C9B853C]\n\t(No symbol) [0x00007FF66C9FF6A7]\n\t(No symbol) [0x00007FF66C9DD06F]\n\t(No symbol) [0x00007FF66C9FC977]\n\t(No symbol) [0x00007FF66C9DCDD3]\n\t(No symbol) [0x00007FF66C9AA33B]\n\t(No symbol) [0x00007FF66C9AAED1]\n\tGetHandleVerifier [0x00007FF66CE38B1D+3217341]\n\tGetHandleVerifier [0x00007FF66CE85AE3+3532675]\n\tGetHandleVerifier [0x00007FF66CE7B0E0+3489152]\n\tGetHandleVerifier [0x00007FF66CBDE776+750614]\n\t(No symbol) [0x00007FF66CAB375F]\n\t(No symbol) [0x00007FF66CAAEB14]\n\t(No symbol) [0x00007FF66CAAECA2]\n\t(No symbol) [0x00007FF66CA9E16F]\n\tBaseThreadInitThunk [0x00007FFA769C7374+20]\n\tRtlUserThreadStart [0x00007FFA76FFCC91+33]\n\n", "trace": "  File \"C:\\Users\\User\\PycharmProjects\\Diplom_3\\venv\\Lib\\site-packages\\allure_commons\\_allure.py\", line 192, in impl\n    return func(*a, **kw)\n           ^^^^^^^^^^^^^^\n  File \"C:\\Users\\User\\PycharmProjects\\Diplom_3\\web_pages\\main_page.py\", line 13, in click_orders_list_button\n    self.move_to_element_and_click(MainPageLocators.ORDERS_LIST_BUTTON)\n  File \"C:\\Users\\User\\PycharmProjects\\Diplom_3\\venv\\Lib\\site-packages\\allure_commons\\_allure.py\", line 192, in impl\n    return func(*a, **kw)\n           ^^^^^^^^^^^^^^\n  File \"C:\\Users\\User\\PycharmProjects\\Diplom_3\\web_pages\\base_page.py\", line 47, in move_to_element_and_click\n    element = self.driver.find_element(*locator)\n              ^^^^^^^^^^^^^^^^^^^^^^^^^^^^^^^^^^\n  File \"C:\\Users\\User\\PycharmProjects\\Diplom_3\\venv\\Lib\\site-packages\\selenium\\webdriver\\remote\\webdriver.py\", line 741, in find_element\n    return self.execute(Command.FIND_ELEMENT, {\"using\": by, \"value\": value})[\"value\"]\n           ^^^^^^^^^^^^^^^^^^^^^^^^^^^^^^^^^^^^^^^^^^^^^^^^^^^^^^^^^^^^^^^^^\n  File \"C:\\Users\\User\\PycharmProjects\\Diplom_3\\venv\\Lib\\site-packages\\selenium\\webdriver\\remote\\webdriver.py\", line 347, in execute\n    self.error_handler.check_response(response)\n  File \"C:\\Users\\User\\PycharmProjects\\Diplom_3\\venv\\Lib\\site-packages\\selenium\\webdriver\\remote\\errorhandler.py\", line 229, in check_response\n    raise exception_class(message, screen, stacktrace)\n"}, "steps": [{"name": "Переместиться до элемента и кликнуть", "status": "broken", "statusDetails": {"message": "selenium.common.exceptions.NoSuchElementException: Message: no such element: Unable to locate element: {\"method\":\"xpath\",\"selector\":\"//p[text()=\"Лента Заказов\"]/parent::a\"}\n  (Session info: chrome-headless-shell=126.0.6478.128); For documentation on this error, please visit: https://www.selenium.dev/documentation/webdriver/troubleshooting/errors#no-such-element-exception\nStacktrace:\n\tGetHandleVerifier [0x00007FF66CB2EEA2+31554]\n\t(No symbol) [0x00007FF66CAA7ED9]\n\t(No symbol) [0x00007FF66C96872A]\n\t(No symbol) [0x00007FF66C9B8434]\n\t(No symbol) [0x00007FF66C9B853C]\n\t(No symbol) [0x00007FF66C9FF6A7]\n\t(No symbol) [0x00007FF66C9DD06F]\n\t(No symbol) [0x00007FF66C9FC977]\n\t(No symbol) [0x00007FF66C9DCDD3]\n\t(No symbol) [0x00007FF66C9AA33B]\n\t(No symbol) [0x00007FF66C9AAED1]\n\tGetHandleVerifier [0x00007FF66CE38B1D+3217341]\n\tGetHandleVerifier [0x00007FF66CE85AE3+3532675]\n\tGetHandleVerifier [0x00007FF66CE7B0E0+3489152]\n\tGetHandleVerifier [0x00007FF66CBDE776+750614]\n\t(No symbol) [0x00007FF66CAB375F]\n\t(No symbol) [0x00007FF66CAAEB14]\n\t(No symbol) [0x00007FF66CAAECA2]\n\t(No symbol) [0x00007FF66CA9E16F]\n\tBaseThreadInitThunk [0x00007FFA769C7374+20]\n\tRtlUserThreadStart [0x00007FFA76FFCC91+33]\n\n", "trace": "  File \"C:\\Users\\User\\PycharmProjects\\Diplom_3\\venv\\Lib\\site-packages\\allure_commons\\_allure.py\", line 192, in impl\n    return func(*a, **kw)\n           ^^^^^^^^^^^^^^\n  File \"C:\\Users\\User\\PycharmProjects\\Diplom_3\\web_pages\\base_page.py\", line 47, in move_to_element_and_click\n    element = self.driver.find_element(*locator)\n              ^^^^^^^^^^^^^^^^^^^^^^^^^^^^^^^^^^\n  File \"C:\\Users\\User\\PycharmProjects\\Diplom_3\\venv\\Lib\\site-packages\\selenium\\webdriver\\remote\\webdriver.py\", line 741, in find_element\n    return self.execute(Command.FIND_ELEMENT, {\"using\": by, \"value\": value})[\"value\"]\n           ^^^^^^^^^^^^^^^^^^^^^^^^^^^^^^^^^^^^^^^^^^^^^^^^^^^^^^^^^^^^^^^^^\n  File \"C:\\Users\\User\\PycharmProjects\\Diplom_3\\venv\\Lib\\site-packages\\selenium\\webdriver\\remote\\webdriver.py\", line 347, in execute\n    self.error_handler.check_response(response)\n  File \"C:\\Users\\User\\PycharmProjects\\Diplom_3\\venv\\Lib\\site-packages\\selenium\\webdriver\\remote\\errorhandler.py\", line 229, in check_response\n    raise exception_class(message, screen, stacktrace)\n"}, "parameters": [{"name": "locator", "value": "('xpath', '//p[text()=\"Лента Заказов\"]/parent::a')"}], "start": 1721239945425, "stop": 1721239945447}], "start": 1721239945425, "stop": 1721239945448}], "parameters": [{"name": "driver_do", "value": "'chrome'"}], "start": 1721239945425, "stop": 1721239945449, "uuid": "bfd1089b-f5d9-4551-9796-5f3193d78cb0", "historyId": "6e599838e75b88174ee1ebf090a24a35", "testCaseId": "1c8c0e5f6e94ba3a38f23a7a52fba27b", "fullName": "tests.test_main_page.TestMainPage#test_go_to_constructor", "labels": [{"name": "parentSuite", "value": "tests"}, {"name": "suite", "value": "test_main_page"}, {"name": "subSuite", "value": "TestMainPage"}, {"name": "host", "value": "DESKTOP-UBJ37DP"}, {"name": "thread", "value": "3612-MainThread"}, {"name": "framework", "value": "pytest"}, {"name": "language", "value": "cpython3"}, {"name": "package", "value": "tests.test_main_page"}]}