{"uuid": "493e7b4f-0935-45d2-82a8-6dea7924a83e", "children": ["4847c388-bda1-405f-9073-1c8c1620fe3a"], "befores": [{"name": "login", "status": "broken", "statusDetails": {"message": "selenium.common.exceptions.TimeoutException: Message: \nStacktrace:\n\tGetHandleVerifier [0x00007FF70D2BEEA2+31554]\n\t(No symbol) [0x00007FF70D237ED9]\n\t(No symbol) [0x00007FF70D0F872A]\n\t(No symbol) [0x00007FF70D148434]\n\t(No symbol) [0x00007FF70D14853C]\n\t(No symbol) [0x00007FF70D18F6A7]\n\t(No symbol) [0x00007FF70D16D06F]\n\t(No symbol) [0x00007FF70D18C977]\n\t(No symbol) [0x00007FF70D16CDD3]\n\t(No symbol) [0x00007FF70D13A33B]\n\t(No symbol) [0x00007FF70D13AED1]\n\tGetHandleVerifier [0x00007FF70D5C8B1D+3217341]\n\tGetHandleVerifier [0x00007FF70D615AE3+3532675]\n\tGetHandleVerifier [0x00007FF70D60B0E0+3489152]\n\tGetHandleVerifier [0x00007FF70D36E776+750614]\n\t(No symbol) [0x00007FF70D24375F]\n\t(No symbol) [0x00007FF70D23EB14]\n\t(No symbol) [0x00007FF70D23ECA2]\n\t(No symbol) [0x00007FF70D22E16F]\n\tBaseThreadInitThunk [0x00007FFA769C7374+20]\n\tRtlUserThreadStart [0x00007FFA76FFCC91+33]\n\n", "trace": "  File \"C:\\Users\\User\\Diplom\\Diplom_3\\venv\\Lib\\site-packages\\pluggy\\_callers.py\", line 166, in _multicall\n    teardown.throw(outcome._exception)\n  File \"C:\\Users\\User\\Diplom\\Diplom_3\\venv\\Lib\\site-packages\\_pytest\\setuponly.py\", line 36, in pytest_fixture_setup\n    return (yield)\n            ^^^^^\n  File \"C:\\Users\\User\\Diplom\\Diplom_3\\venv\\Lib\\site-packages\\pluggy\\_callers.py\", line 102, in _multicall\n    res = hook_impl.function(*args)\n          ^^^^^^^^^^^^^^^^^^^^^^^^^\n  File \"C:\\Users\\User\\Diplom\\Diplom_3\\venv\\Lib\\site-packages\\_pytest\\fixtures.py\", line 1132, in pytest_fixture_setup\n    result = call_fixture_func(fixturefunc, request, kwargs)\n             ^^^^^^^^^^^^^^^^^^^^^^^^^^^^^^^^^^^^^^^^^^^^^^^\n  File \"C:\\Users\\User\\Diplom\\Diplom_3\\venv\\Lib\\site-packages\\_pytest\\fixtures.py\", line 913, in call_fixture_func\n    fixture_result = fixturefunc(**kwargs)\n                     ^^^^^^^^^^^^^^^^^^^^^\n  File \"C:\\Users\\User\\Diplom\\Diplom_3\\conftest.py\", line 41, in login\n    pages.login()\n  File \"C:\\Users\\User\\Diplom\\Diplom_3\\venv\\Lib\\site-packages\\allure_commons\\_allure.py\", line 192, in impl\n    return func(*a, **kw)\n           ^^^^^^^^^^^^^^\n  File \"C:\\Users\\User\\Diplom\\Diplom_3\\web_pages\\auth_user_page.py\", line 33, in login\n    self.click_login_button()\n  File \"C:\\Users\\User\\Diplom\\Diplom_3\\venv\\Lib\\site-packages\\allure_commons\\_allure.py\", line 192, in impl\n    return func(*a, **kw)\n           ^^^^^^^^^^^^^^\n  File \"C:\\Users\\User\\Diplom\\Diplom_3\\web_pages\\auth_user_page.py\", line 26, in click_login_button\n    self.wait_for_element_to_be_clickable(AuthLoginLocators.LOGIN_PROFILE_BUTTON_AUTH)\n  File \"C:\\Users\\User\\Diplom\\Diplom_3\\venv\\Lib\\site-packages\\allure_commons\\_allure.py\", line 192, in impl\n    return func(*a, **kw)\n           ^^^^^^^^^^^^^^\n  File \"C:\\Users\\User\\Diplom\\Diplom_3\\web_pages\\base_page.py\", line 62, in wait_for_element_to_be_clickable\n    WebDriverWait(self.driver, 3).until(EC.element_to_be_clickable(locator))\n  File \"C:\\Users\\User\\Diplom\\Diplom_3\\venv\\Lib\\site-packages\\selenium\\webdriver\\support\\wait.py\", line 105, in until\n    raise TimeoutException(message, screen, stacktrace)\n"}, "steps": [{"name": "Авторизация", "status": "broken", "statusDetails": {"message": "selenium.common.exceptions.TimeoutException: Message: \nStacktrace:\n\tGetHandleVerifier [0x00007FF70D2BEEA2+31554]\n\t(No symbol) [0x00007FF70D237ED9]\n\t(No symbol) [0x00007FF70D0F872A]\n\t(No symbol) [0x00007FF70D148434]\n\t(No symbol) [0x00007FF70D14853C]\n\t(No symbol) [0x00007FF70D18F6A7]\n\t(No symbol) [0x00007FF70D16D06F]\n\t(No symbol) [0x00007FF70D18C977]\n\t(No symbol) [0x00007FF70D16CDD3]\n\t(No symbol) [0x00007FF70D13A33B]\n\t(No symbol) [0x00007FF70D13AED1]\n\tGetHandleVerifier [0x00007FF70D5C8B1D+3217341]\n\tGetHandleVerifier [0x00007FF70D615AE3+3532675]\n\tGetHandleVerifier [0x00007FF70D60B0E0+3489152]\n\tGetHandleVerifier [0x00007FF70D36E776+750614]\n\t(No symbol) [0x00007FF70D24375F]\n\t(No symbol) [0x00007FF70D23EB14]\n\t(No symbol) [0x00007FF70D23ECA2]\n\t(No symbol) [0x00007FF70D22E16F]\n\tBaseThreadInitThunk [0x00007FFA769C7374+20]\n\tRtlUserThreadStart [0x00007FFA76FFCC91+33]\n\n", "trace": "  File \"C:\\Users\\User\\Diplom\\Diplom_3\\venv\\Lib\\site-packages\\allure_commons\\_allure.py\", line 192, in impl\n    return func(*a, **kw)\n           ^^^^^^^^^^^^^^\n  File \"C:\\Users\\User\\Diplom\\Diplom_3\\web_pages\\auth_user_page.py\", line 33, in login\n    self.click_login_button()\n  File \"C:\\Users\\User\\Diplom\\Diplom_3\\venv\\Lib\\site-packages\\allure_commons\\_allure.py\", line 192, in impl\n    return func(*a, **kw)\n           ^^^^^^^^^^^^^^\n  File \"C:\\Users\\User\\Diplom\\Diplom_3\\web_pages\\auth_user_page.py\", line 26, in click_login_button\n    self.wait_for_element_to_be_clickable(AuthLoginLocators.LOGIN_PROFILE_BUTTON_AUTH)\n  File \"C:\\Users\\User\\Diplom\\Diplom_3\\venv\\Lib\\site-packages\\allure_commons\\_allure.py\", line 192, in impl\n    return func(*a, **kw)\n           ^^^^^^^^^^^^^^\n  File \"C:\\Users\\User\\Diplom\\Diplom_3\\web_pages\\base_page.py\", line 62, in wait_for_element_to_be_clickable\n    WebDriverWait(self.driver, 3).until(EC.element_to_be_clickable(locator))\n  File \"C:\\Users\\User\\Diplom\\Diplom_3\\venv\\Lib\\site-packages\\selenium\\webdriver\\support\\wait.py\", line 105, in until\n    raise TimeoutException(message, screen, stacktrace)\n"}, "steps": [{"name": "Перейти на страницу авторизации по кнопке \"Войти в аккаунт\"", "status": "passed", "steps": [{"name": "Переместиться до элемента и кликнуть", "status": "passed", "parameters": [{"name": "locator", "value": "('xpath', \".//button[text()='Войти в аккаунт']\")"}], "start": 1721363545355, "stop": 1721363545709}], "start": 1721363545354, "stop": 1721363545709}, {"name": "Заполняем поле \"email\"", "status": "passed", "steps": [{"name": "Дождаться кликабельности элемента", "status": "passed", "parameters": [{"name": "locator", "value": "('xpath', \".//label[text()='Email']//parent::*/input[@type='text' and @name='name']\")"}], "start": 1721363545710, "stop": 1721363545773}, {"name": "Кликаем по элементу ('xpath', \".//label[text()='Email']//parent::*/input[@type='text' and @name='name']\")", "status": "passed", "parameters": [{"name": "locator", "value": "('xpath', \".//label[text()='Email']//parent::*/input[@type='text' and @name='name']\")"}], "start": 1721363545773, "stop": 1721363545877}, {"name": "Вставить текст 'Nuykin_9@yandex.ru'", "status": "passed", "parameters": [{"name": "locator", "value": "('xpath', \".//label[text()='Email']//parent::*/input[@type='text' and @name='name']\")"}, {"name": "text", "value": "'Nuykin_9@yandex.ru'"}], "start": 1721363545877, "stop": 1721363546016}], "parameters": [{"name": "user_email", "value": "'Nuykin_9@yandex.ru'"}], "start": 1721363545709, "stop": 1721363546017}, {"name": "Заполняем поле \"Пароль\"", "status": "passed", "steps": [{"name": "Кликаем по элементу ('xpath', \".//input[@type='password' and @name='Пароль']\")", "status": "passed", "parameters": [{"name": "locator", "value": "('xpath', \".//input[@type='password' and @name='Пароль']\")"}], "start": 1721363546017, "stop": 1721363546104}, {"name": "Вставить текст 'qwerty123456'", "status": "passed", "parameters": [{"name": "locator", "value": "('xpath', \".//input[@type='password' and @name='Пароль']\")"}, {"name": "text", "value": "'qwerty123456'"}], "start": 1721363546105, "stop": 1721363546217}], "parameters": [{"name": "user_password", "value": "'qwerty123456'"}], "start": 1721363546017, "stop": 1721363546217}, {"name": "Нажимаем кнопку «Войти»", "status": "broken", "statusDetails": {"message": "selenium.common.exceptions.TimeoutException: Message: \nStacktrace:\n\tGetHandleVerifier [0x00007FF70D2BEEA2+31554]\n\t(No symbol) [0x00007FF70D237ED9]\n\t(No symbol) [0x00007FF70D0F872A]\n\t(No symbol) [0x00007FF70D148434]\n\t(No symbol) [0x00007FF70D14853C]\n\t(No symbol) [0x00007FF70D18F6A7]\n\t(No symbol) [0x00007FF70D16D06F]\n\t(No symbol) [0x00007FF70D18C977]\n\t(No symbol) [0x00007FF70D16CDD3]\n\t(No symbol) [0x00007FF70D13A33B]\n\t(No symbol) [0x00007FF70D13AED1]\n\tGetHandleVerifier [0x00007FF70D5C8B1D+3217341]\n\tGetHandleVerifier [0x00007FF70D615AE3+3532675]\n\tGetHandleVerifier [0x00007FF70D60B0E0+3489152]\n\tGetHandleVerifier [0x00007FF70D36E776+750614]\n\t(No symbol) [0x00007FF70D24375F]\n\t(No symbol) [0x00007FF70D23EB14]\n\t(No symbol) [0x00007FF70D23ECA2]\n\t(No symbol) [0x00007FF70D22E16F]\n\tBaseThreadInitThunk [0x00007FFA769C7374+20]\n\tRtlUserThreadStart [0x00007FFA76FFCC91+33]\n\n", "trace": "  File \"C:\\Users\\User\\Diplom\\Diplom_3\\venv\\Lib\\site-packages\\allure_commons\\_allure.py\", line 192, in impl\n    return func(*a, **kw)\n           ^^^^^^^^^^^^^^\n  File \"C:\\Users\\User\\Diplom\\Diplom_3\\web_pages\\auth_user_page.py\", line 26, in click_login_button\n    self.wait_for_element_to_be_clickable(AuthLoginLocators.LOGIN_PROFILE_BUTTON_AUTH)\n  File \"C:\\Users\\User\\Diplom\\Diplom_3\\venv\\Lib\\site-packages\\allure_commons\\_allure.py\", line 192, in impl\n    return func(*a, **kw)\n           ^^^^^^^^^^^^^^\n  File \"C:\\Users\\User\\Diplom\\Diplom_3\\web_pages\\base_page.py\", line 62, in wait_for_element_to_be_clickable\n    WebDriverWait(self.driver, 3).until(EC.element_to_be_clickable(locator))\n  File \"C:\\Users\\User\\Diplom\\Diplom_3\\venv\\Lib\\site-packages\\selenium\\webdriver\\support\\wait.py\", line 105, in until\n    raise TimeoutException(message, screen, stacktrace)\n"}, "steps": [{"name": "Кликаем по элементу ('xpath', \".//button[text()='Войти']\")", "status": "passed", "parameters": [{"name": "locator", "value": "('xpath', \".//button[text()='Войти']\")"}], "start": 1721363546217, "stop": 1721363546304}, {"name": "Дождаться кликабельности элемента", "status": "broken", "statusDetails": {"message": "selenium.common.exceptions.TimeoutException: Message: \nStacktrace:\n\tGetHandleVerifier [0x00007FF70D2BEEA2+31554]\n\t(No symbol) [0x00007FF70D237ED9]\n\t(No symbol) [0x00007FF70D0F872A]\n\t(No symbol) [0x00007FF70D148434]\n\t(No symbol) [0x00007FF70D14853C]\n\t(No symbol) [0x00007FF70D18F6A7]\n\t(No symbol) [0x00007FF70D16D06F]\n\t(No symbol) [0x00007FF70D18C977]\n\t(No symbol) [0x00007FF70D16CDD3]\n\t(No symbol) [0x00007FF70D13A33B]\n\t(No symbol) [0x00007FF70D13AED1]\n\tGetHandleVerifier [0x00007FF70D5C8B1D+3217341]\n\tGetHandleVerifier [0x00007FF70D615AE3+3532675]\n\tGetHandleVerifier [0x00007FF70D60B0E0+3489152]\n\tGetHandleVerifier [0x00007FF70D36E776+750614]\n\t(No symbol) [0x00007FF70D24375F]\n\t(No symbol) [0x00007FF70D23EB14]\n\t(No symbol) [0x00007FF70D23ECA2]\n\t(No symbol) [0x00007FF70D22E16F]\n\tBaseThreadInitThunk [0x00007FFA769C7374+20]\n\tRtlUserThreadStart [0x00007FFA76FFCC91+33]\n\n", "trace": "  File \"C:\\Users\\User\\Diplom\\Diplom_3\\venv\\Lib\\site-packages\\allure_commons\\_allure.py\", line 192, in impl\n    return func(*a, **kw)\n           ^^^^^^^^^^^^^^\n  File \"C:\\Users\\User\\Diplom\\Diplom_3\\web_pages\\base_page.py\", line 62, in wait_for_element_to_be_clickable\n    WebDriverWait(self.driver, 3).until(EC.element_to_be_clickable(locator))\n  File \"C:\\Users\\User\\Diplom\\Diplom_3\\venv\\Lib\\site-packages\\selenium\\webdriver\\support\\wait.py\", line 105, in until\n    raise TimeoutException(message, screen, stacktrace)\n"}, "parameters": [{"name": "locator", "value": "('xpath', \".//button[text()='Войти в аккаунт']\")"}], "start": 1721363546305, "stop": 1721363549407}], "start": 1721363546217, "stop": 1721363549408}], "start": 1721363545354, "stop": 1721363549408}], "start": 1721363545354, "stop": 1721363549409}], "start": 1721363545354, "stop": 1721363549445}