{"name": "Переход в ЛК в раздел История заказов по кнопке \"История заказов\"", "status": "broken", "statusDetails": {"message": "selenium.common.exceptions.TimeoutException: Message: \nStacktrace:\n\tGetHandleVerifier [0x00007FF70D2BEEA2+31554]\n\t(No symbol) [0x00007FF70D237ED9]\n\t(No symbol) [0x00007FF70D0F872A]\n\t(No symbol) [0x00007FF70D148434]\n\t(No symbol) [0x00007FF70D14853C]\n\t(No symbol) [0x00007FF70D18F6A7]\n\t(No symbol) [0x00007FF70D16D06F]\n\t(No symbol) [0x00007FF70D18C977]\n\t(No symbol) [0x00007FF70D16CDD3]\n\t(No symbol) [0x00007FF70D13A33B]\n\t(No symbol) [0x00007FF70D13AED1]\n\tGetHandleVerifier [0x00007FF70D5C8B1D+3217341]\n\tGetHandleVerifier [0x00007FF70D615AE3+3532675]\n\tGetHandleVerifier [0x00007FF70D60B0E0+3489152]\n\tGetHandleVerifier [0x00007FF70D36E776+750614]\n\t(No symbol) [0x00007FF70D24375F]\n\t(No symbol) [0x00007FF70D23EB14]\n\t(No symbol) [0x00007FF70D23ECA2]\n\t(No symbol) [0x00007FF70D22E16F]\n\tBaseThreadInitThunk [0x00007FFA769C7374+20]\n\tRtlUserThreadStart [0x00007FFA76FFCC91+33]", "trace": "pages = <web_pages.UIWorkerWeb object at 0x0000017FAC141310>\n\n    @pytest.fixture(scope='function')\n    def login(pages):\n        \"\"\" Войти в аккаунт \"\"\"\n>       pages.login()\n\nconftest.py:41: \n_ _ _ _ _ _ _ _ _ _ _ _ _ _ _ _ _ _ _ _ _ _ _ _ _ _ _ _ _ _ _ _ _ _ _ _ _ _ _ _ _ _ _ _ _ _ _ _ _ _ _ _ _ _ _ _ _ _ _ _ _ _ _ _ _ _ _ _ _ _ _ _ _ _\nweb_pages\\auth_user_page.py:33: in login\n    self.click_login_button()\nweb_pages\\auth_user_page.py:26: in click_login_button\n    self.wait_for_element_to_be_clickable(AuthLoginLocators.LOGIN_PROFILE_BUTTON_AUTH)\nweb_pages\\base_page.py:62: in wait_for_element_to_be_clickable\n    WebDriverWait(self.driver, 3).until(EC.element_to_be_clickable(locator))\n_ _ _ _ _ _ _ _ _ _ _ _ _ _ _ _ _ _ _ _ _ _ _ _ _ _ _ _ _ _ _ _ _ _ _ _ _ _ _ _ _ _ _ _ _ _ _ _ _ _ _ _ _ _ _ _ _ _ _ _ _ _ _ _ _ _ _ _ _ _ _ _ _ _\n\nself = <selenium.webdriver.support.wait.WebDriverWait (session=\"3380d9c4905a567b56759ef43207f32a\")>\nmethod = <function element_to_be_clickable.<locals>._predicate at 0x0000017FAC07FF60>, message = ''\n\n    def until(self, method: Callable[[D], Union[Literal[False], T]], message: str = \"\") -> T:\n        \"\"\"Calls the method provided with the driver as an argument until the \\\n        return value does not evaluate to ``False``.\n    \n        :param method: callable(WebDriver)\n        :param message: optional message for :exc:`TimeoutException`\n        :returns: the result of the last call to `method`\n        :raises: :exc:`selenium.common.exceptions.TimeoutException` if timeout occurs\n        \"\"\"\n        screen = None\n        stacktrace = None\n    \n        end_time = time.monotonic() + self._timeout\n        while True:\n            try:\n                value = method(self._driver)\n                if value:\n                    return value\n            except self._ignored_exceptions as exc:\n                screen = getattr(exc, \"screen\", None)\n                stacktrace = getattr(exc, \"stacktrace\", None)\n            time.sleep(self._poll)\n            if time.monotonic() > end_time:\n                break\n>       raise TimeoutException(message, screen, stacktrace)\nE       selenium.common.exceptions.TimeoutException: Message: \nE       Stacktrace:\nE       \tGetHandleVerifier [0x00007FF70D2BEEA2+31554]\nE       \t(No symbol) [0x00007FF70D237ED9]\nE       \t(No symbol) [0x00007FF70D0F872A]\nE       \t(No symbol) [0x00007FF70D148434]\nE       \t(No symbol) [0x00007FF70D14853C]\nE       \t(No symbol) [0x00007FF70D18F6A7]\nE       \t(No symbol) [0x00007FF70D16D06F]\nE       \t(No symbol) [0x00007FF70D18C977]\nE       \t(No symbol) [0x00007FF70D16CDD3]\nE       \t(No symbol) [0x00007FF70D13A33B]\nE       \t(No symbol) [0x00007FF70D13AED1]\nE       \tGetHandleVerifier [0x00007FF70D5C8B1D+3217341]\nE       \tGetHandleVerifier [0x00007FF70D615AE3+3532675]\nE       \tGetHandleVerifier [0x00007FF70D60B0E0+3489152]\nE       \tGetHandleVerifier [0x00007FF70D36E776+750614]\nE       \t(No symbol) [0x00007FF70D24375F]\nE       \t(No symbol) [0x00007FF70D23EB14]\nE       \t(No symbol) [0x00007FF70D23ECA2]\nE       \t(No symbol) [0x00007FF70D22E16F]\nE       \tBaseThreadInitThunk [0x00007FFA769C7374+20]\nE       \tRtlUserThreadStart [0x00007FFA76FFCC91+33]\n\nvenv\\Lib\\site-packages\\selenium\\webdriver\\support\\wait.py:105: TimeoutException"}, "description": "При нажатиии на кнопку \"История заказов\" в ЛК профиля, происходит переход к истории заказов юзера", "parameters": [{"name": "driver_do", "value": "'chrome'"}], "start": 1721363533749, "stop": 1721363533749, "uuid": "cdb07227-c3f5-465c-8417-4dbe9cea709b", "historyId": "f9d11ae0b845585441d678b2722cc3b3", "testCaseId": "5fe928dc7fb1dfe1372a69df56986b44", "fullName": "tests.test_lk.TestLKProfile#test_go_to_order_history", "labels": [{"name": "parentSuite", "value": "tests"}, {"name": "suite", "value": "test_lk"}, {"name": "subSuite", "value": "TestLKProfile"}, {"name": "host", "value": "DESKTOP-UBJ37DP"}, {"name": "thread", "value": "12864-MainThread"}, {"name": "framework", "value": "pytest"}, {"name": "language", "value": "cpython3"}, {"name": "package", "value": "tests.test_lk"}]}